#
# There is insufficient memory for the Java Runtime Environment to continue.
# Native memory allocation (malloc) failed to allocate 1205776 bytes for Chunk::new
# Possible reasons:
#   The system is out of physical RAM or swap space
#   The process is running with CompressedOops enabled, and the Java Heap may be blocking the growth of the native heap
# Possible solutions:
#   Reduce memory load on the system
#   Increase physical memory or swap space
#   Check if swap backing store is full
#   Decrease Java heap size (-Xmx/-Xms)
#   Decrease number of Java threads
#   Decrease Java thread stack sizes (-Xss)
#   Set larger code cache with -XX:ReservedCodeCacheSize=
#   JVM is running with Unscaled Compressed Oops mode in which the Java heap is
#     placed in the first 4GB address space. The Java Heap base address is the
#     maximum limit for the native heap growth. Please use -XX:HeapBaseMinAddress
#     to set the Java Heap base and to place the Java Heap above 4GB virtual address.
# This output file may be truncated or incomplete.
#
#  Out of Memory Error (./src/hotspot/share/memory/arena.cpp:197), pid=11360, tid=5448
#
# JRE version: OpenJDK Runtime Environment (11.0.13) (build 11.0.13+0-b1751.21-8125866)
# Java VM: OpenJDK 64-Bit Server VM (11.0.13+0-b1751.21-8125866, mixed mode, tiered, compressed oops, g1 gc, windows-amd64)
# No core dump will be written. Minidumps are not enabled by default on client versions of Windows
#

---------------  S U M M A R Y ------------

Command Line: --add-opens=java.base/java.util=ALL-UNNAMED --add-opens=java.base/java.lang=ALL-UNNAMED --add-opens=java.base/java.lang.invoke=ALL-UNNAMED --add-opens=java.base/java.util=ALL-UNNAMED --add-opens=java.prefs/java.util.prefs=ALL-UNNAMED --add-opens=java.prefs/java.util.prefs=ALL-UNNAMED --add-opens=java.base/java.nio.charset=ALL-UNNAMED --add-opens=java.base/java.net=ALL-UNNAMED --add-opens=java.base/java.util.concurrent.atomic=ALL-UNNAMED -Xmx2048m -Dfile.encoding=UTF-8 -Duser.country=RU -Duser.language=ru -Duser.variant org.gradle.launcher.daemon.bootstrap.GradleDaemon 7.4

Host: Intel(R) Core(TM) i7-4700HQ CPU @ 2.40GHz, 8 cores, 11G,  Windows 10 , 64 bit Build 19041 (10.0.19041.1023)
Time: Thu Nov 17 15:13:55 2022 RTZ 2 (зима) elapsed time: 4919.259399 seconds (0d 1h 21m 59s)

---------------  T H R E A D  ---------------

Current thread (0x00000180e412c800):  JavaThread "C2 CompilerThread0" daemon [_thread_in_native, id=5448, stack(0x000000225b100000,0x000000225b200000)]


Current CompileTask:
C2:4919259 22384       4       org.gradle.api.internal.artifacts.ivyservice.resolveengine.graph.builder.ResolveState::getRevision (34 bytes)

Stack: [0x000000225b100000,0x000000225b200000]
Native frames: (J=compiled Java code, j=interpreted, Vv=VM code, C=native code)
V  [jvm.dll+0x6100fa]
V  [jvm.dll+0x747090]
V  [jvm.dll+0x7486ad]
V  [jvm.dll+0x748d83]
V  [jvm.dll+0x24ab48]
V  [jvm.dll+0xc04dc]
V  [jvm.dll+0xc0a0c]
V  [jvm.dll+0x35eb5b]
V  [jvm.dll+0x32b833]
V  [jvm.dll+0x32ad2a]
V  [jvm.dll+0x2032b2]
V  [jvm.dll+0x202437]
V  [jvm.dll+0x188e01]
V  [jvm.dll+0x21106b]
V  [jvm.dll+0x20f8c1]
V  [jvm.dll+0x70de0f]
V  [jvm.dll+0x706a75]
V  [jvm.dll+0x60ed66]
C  [ucrtbase.dll+0x21bb2]
C  [KERNEL32.DLL+0x17034]
C  [ntdll.dll+0x52651]


---------------  P R O C E S S  ---------------

Threads class SMR info:
_java_thread_list=0x00000180ef86d040, length=128, elements={
0x00000180c943a800, 0x00000180e3911800, 0x00000180e3915000, 0x00000180e4126000,
0x00000180e4128000, 0x00000180e4129000, 0x00000180e412c800, 0x00000180e41dd800,
0x00000180e41e0800, 0x00000180e42ea000, 0x00000180e653a800, 0x00000180e44dd000,
0x00000180e60be800, 0x00000180e5996000, 0x00000180e599b800, 0x00000180e5997000,
0x00000180e599c800, 0x00000180e5999000, 0x00000180e5998800, 0x00000180e5997800,
0x00000180e599a000, 0x00000180e599b000, 0x00000180e69dc000, 0x00000180e69dd000,
0x00000180e69de000, 0x00000180e69da800, 0x00000180e69e0000, 0x00000180e69db800,
0x00000180eb96d000, 0x00000180eb844000, 0x00000180e4244000, 0x00000180ef48b800,
0x00000180ef48e000, 0x00000180ef492000, 0x00000180e423e800, 0x00000180e423d800,
0x00000180e423b000, 0x00000180e4239800, 0x00000180e423d000, 0x00000180e423f000,
0x00000180e4240000, 0x00000180e423a800, 0x00000180e4241000, 0x00000180e423c000,
0x00000180e4245000, 0x00000180e4241800, 0x00000180e4246800, 0x00000180e4242800,
0x00000180e4247800, 0x00000180e4243800, 0x00000180e4246000, 0x00000180e4248000,
0x00000180f2062800, 0x00000180f2065800, 0x00000180f2066800, 0x00000180f2064000,
0x00000180f2067000, 0x00000180f2068000, 0x00000180f2069000, 0x00000180f2063000,
0x00000180f206e800, 0x00000180f2069800, 0x00000180f206f800, 0x00000180f206c000,
0x00000180f2070000, 0x00000180f206d800, 0x00000180f206a800, 0x00000180f206d000,
0x00000180f2071000, 0x00000180f206b000, 0x00000180eb83e800, 0x00000180eb840000,
0x00000180eb845000, 0x00000180eb83f000, 0x00000180eb845800, 0x00000180eb846800,
0x00000180eb840800, 0x00000180eb843000, 0x00000180eb847800, 0x00000180eb841800,
0x00000180eb848000, 0x00000180eb842800, 0x00000180eb84b800, 0x00000180eb84c000,
0x00000180eb84d000, 0x00000180eb849800, 0x00000180eb849000, 0x00000180eb84a800,
0x00000180eb960000, 0x00000180eb961800, 0x00000180eb962000, 0x00000180eb960800,
0x00000180eb964000, 0x00000180eb95f000, 0x00000180eb963000, 0x00000180eb95e000,
0x00000180eb96a800, 0x00000180eb969800, 0x00000180eb964800, 0x00000180eb968800,
0x00000180eb965800, 0x00000180eb96b000, 0x00000180eb966800, 0x00000180eb96c000,
0x00000180eb967000, 0x00000180ef486800, 0x00000180ef48a800, 0x00000180ef487800,
0x00000180ecd98000, 0x00000180ef489800, 0x00000180ef485000, 0x00000180ef485800,
0x00000180ef48c000, 0x00000180ef489000, 0x00000180ef488000, 0x00000180ef48e800,
0x00000180ef492800, 0x00000180ef48f800, 0x00000180ef490800, 0x00000180ef491000,
0x00000180ef48d000, 0x00000180ef493800, 0x00000180e69de800, 0x00000180e69df800,
0x00000180e69d9800, 0x00000180e69e6800, 0x00000180e69e2800, 0x00000180e69e3800
}

Java Threads: ( => current thread )
  0x00000180c943a800 JavaThread "main" [_thread_blocked, id=9048, stack(0x000000225a500000,0x000000225a600000)]
  0x00000180e3911800 JavaThread "Reference Handler" daemon [_thread_blocked, id=3672, stack(0x000000225ac00000,0x000000225ad00000)]
  0x00000180e3915000 JavaThread "Finalizer" daemon [_thread_blocked, id=6792, stack(0x000000225ad00000,0x000000225ae00000)]
  0x00000180e4126000 JavaThread "Signal Dispatcher" daemon [_thread_blocked, id=1844, stack(0x000000225ae00000,0x000000225af00000)]
  0x00000180e4128000 JavaThread "Attach Listener" daemon [_thread_blocked, id=12284, stack(0x000000225af00000,0x000000225b000000)]
  0x00000180e4129000 JavaThread "Service Thread" daemon [_thread_blocked, id=10164, stack(0x000000225b000000,0x000000225b100000)]
=>0x00000180e412c800 JavaThread "C2 CompilerThread0" daemon [_thread_in_native, id=5448, stack(0x000000225b100000,0x000000225b200000)]
  0x00000180e41dd800 JavaThread "C1 CompilerThread0" daemon [_thread_blocked, id=1492, stack(0x000000225b200000,0x000000225b300000)]
  0x00000180e41e0800 JavaThread "Sweeper thread" daemon [_thread_blocked, id=9044, stack(0x000000225b300000,0x000000225b400000)]
  0x00000180e42ea000 JavaThread "Common-Cleaner" daemon [_thread_blocked, id=9688, stack(0x000000225b400000,0x000000225b500000)]
  0x00000180e653a800 JavaThread "Daemon health stats" [_thread_blocked, id=4440, stack(0x000000225bb00000,0x000000225bc00000)]
  0x00000180e44dd000 JavaThread "Incoming local TCP Connector on port 52248" [_thread_in_native, id=11344, stack(0x000000225b600000,0x000000225b700000)]
  0x00000180e60be800 JavaThread "Daemon periodic checks" [_thread_blocked, id=11224, stack(0x000000225ba00000,0x000000225bb00000)]
  0x00000180e5996000 JavaThread "Cache worker for journal cache (C:\Users\Asus\Downloads\caches\journal-1)" [_thread_blocked, id=5616, stack(0x000000225c400000,0x000000225c500000)]
  0x00000180e599b800 JavaThread "File lock request listener" [_thread_in_native, id=5288, stack(0x000000225c500000,0x000000225c600000)]
  0x00000180e5997000 JavaThread "Cache worker for file hash cache (C:\Users\Asus\Downloads\caches\7.4\fileHashes)" [_thread_blocked, id=6476, stack(0x000000225cb00000,0x000000225cc00000)]
  0x00000180e599c800 JavaThread "File watcher server" daemon [_thread_in_native, id=10916, stack(0x000000225cd00000,0x000000225ce00000)]
  0x00000180e5999000 JavaThread "File watcher consumer" daemon [_thread_blocked, id=1220, stack(0x000000225ce00000,0x000000225cf00000)]
  0x00000180e5998800 JavaThread "jar transforms" [_thread_blocked, id=2216, stack(0x000000225cf00000,0x000000225d000000)]
  0x00000180e5997800 JavaThread "jar transforms Thread 2" [_thread_blocked, id=3676, stack(0x000000225d000000,0x000000225d100000)]
  0x00000180e599a000 JavaThread "jar transforms Thread 3" [_thread_blocked, id=4900, stack(0x000000225d100000,0x000000225d200000)]
  0x00000180e599b000 JavaThread "jar transforms Thread 4" [_thread_blocked, id=11728, stack(0x000000225d200000,0x000000225d300000)]
  0x00000180e69dc000 JavaThread "jar transforms Thread 5" [_thread_blocked, id=7464, stack(0x000000225d300000,0x000000225d400000)]
  0x00000180e69dd000 JavaThread "jar transforms Thread 6" [_thread_blocked, id=5652, stack(0x000000225d400000,0x000000225d500000)]
  0x00000180e69de000 JavaThread "jar transforms Thread 7" [_thread_blocked, id=12140, stack(0x000000225d500000,0x000000225d600000)]
  0x00000180e69da800 JavaThread "jar transforms Thread 8" [_thread_blocked, id=2616, stack(0x000000225d600000,0x000000225d700000)]
  0x00000180e69e0000 JavaThread "Cache worker for execution history cache (C:\Users\Asus\Downloads\caches\7.4\executionHistory)" [_thread_blocked, id=10816, stack(0x000000225db00000,0x000000225dc00000)]
  0x00000180e69db800 JavaThread "Cache worker for file content cache (C:\Users\Asus\Downloads\caches\7.4\fileContent)" [_thread_blocked, id=8740, stack(0x000000225dc00000,0x000000225dd00000)]
  0x00000180eb96d000 JavaThread "Memory manager" [_thread_blocked, id=7128, stack(0x0000002263000000,0x0000002263100000)]
  0x00000180eb844000 JavaThread "ForkJoinPool.commonPool-worker-11" daemon [_thread_blocked, id=10968, stack(0x0000002264800000,0x0000002264900000)]
  0x00000180e4244000 JavaThread "Cache worker for Java compile cache (C:\Users\Asus\Downloads\caches\7.4\javaCompile)" [_thread_blocked, id=4260, stack(0x0000002263c00000,0x0000002263d00000)]
  0x00000180ef48b800 JavaThread "ForkJoinPool.commonPool-worker-3" daemon [_thread_blocked, id=2584, stack(0x0000002265100000,0x0000002265200000)]
  0x00000180ef48e000 JavaThread "ForkJoinPool.commonPool-worker-5" daemon [_thread_blocked, id=6848, stack(0x0000002265200000,0x0000002265300000)]
  0x00000180ef492000 JavaThread "ForkJoinPool.commonPool-worker-7" daemon [_thread_blocked, id=11996, stack(0x0000002265300000,0x0000002265400000)]
  0x00000180e423e800 JavaThread "Daemon Thread 12" [_thread_blocked, id=5772, stack(0x000000225bd00000,0x000000225be00000)]
  0x00000180e423d800 JavaThread "Handler for socket connection from /127.0.0.1:52248 to /127.0.0.1:54517" [_thread_in_native, id=3044, stack(0x000000225be00000,0x000000225bf00000)]
  0x00000180e423b000 JavaThread "Cancel handler" [_thread_blocked, id=12132, stack(0x000000225bf00000,0x000000225c000000)]
  0x00000180e4239800 JavaThread "Daemon worker Thread 12" [_thread_blocked, id=6260, stack(0x000000225c000000,0x000000225c100000)]
  0x00000180e423d000 JavaThread "Asynchronous log dispatcher for DefaultDaemonConnection: socket connection from /127.0.0.1:52248 to /127.0.0.1:54517" [_thread_blocked, id=6968, stack(0x000000225c100000,0x000000225c200000)]
  0x00000180e423f000 JavaThread "Stdin handler" [_thread_blocked, id=5184, stack(0x000000225c200000,0x000000225c300000)]
  0x00000180e4240000 JavaThread "Daemon client event forwarder" [_thread_blocked, id=1848, stack(0x000000225c300000,0x000000225c400000)]
  0x00000180e423a800 JavaThread "Cache worker for checksums cache (D:\geekbrains_Java\Android\MyCalcGit\.gradle\7.4\checksums)" [_thread_blocked, id=11896, stack(0x000000225cc00000,0x000000225cd00000)]
  0x00000180e4241000 JavaThread "Cache worker for cache directory md-rule (C:\Users\Asus\Downloads\caches\7.4\md-rule)" [_thread_blocked, id=9672, stack(0x000000225d700000,0x000000225d800000)]
  0x00000180e423c000 JavaThread "Cache worker for file hash cache (D:\geekbrains_Java\Android\MyCalcGit\.gradle\7.4\fileHashes)" [_thread_blocked, id=9376, stack(0x000000225d800000,0x000000225d900000)]
  0x00000180e4245000 JavaThread "Cache worker for cache directory md-supplier (C:\Users\Asus\Downloads\caches\7.4\md-supplier)" [_thread_blocked, id=9700, stack(0x000000225d900000,0x000000225da00000)]
  0x00000180e4241800 JavaThread "Cache worker for dependencies-accessors (D:\geekbrains_Java\Android\MyCalcGit\.gradle\7.4\dependencies-accessors)" [_thread_blocked, id=9428, stack(0x000000225da00000,0x000000225db00000)]
  0x00000180e4246800 JavaThread "Cache worker for Build Output Cleanup Cache (D:\geekbrains_Java\Android\MyCalcGit\.gradle\buildOutputCleanup)" [_thread_blocked, id=948, stack(0x000000225de00000,0x000000225df00000)]
  0x00000180e4242800 JavaThread "Unconstrained build operations" [_thread_blocked, id=1768, stack(0x000000225df00000,0x000000225e000000)]
  0x00000180e4247800 JavaThread "Unconstrained build operations Thread 2" [_thread_blocked, id=9540, stack(0x000000225e000000,0x000000225e100000)]
  0x00000180e4243800 JavaThread "Unconstrained build operations Thread 3" [_thread_blocked, id=8800, stack(0x000000225e100000,0x000000225e200000)]
  0x00000180e4246000 JavaThread "Unconstrained build operations Thread 4" [_thread_blocked, id=7672, stack(0x000000225e200000,0x000000225e300000)]
  0x00000180e4248000 JavaThread "Unconstrained build operations Thread 5" [_thread_blocked, id=6056, stack(0x000000225e300000,0x000000225e400000)]
  0x00000180f2062800 JavaThread "Unconstrained build operations Thread 6" [_thread_blocked, id=3024, stack(0x000000225e400000,0x000000225e500000)]
  0x00000180f2065800 JavaThread "Unconstrained build operations Thread 7" [_thread_blocked, id=10884, stack(0x000000225e500000,0x000000225e600000)]
  0x00000180f2066800 JavaThread "Unconstrained build operations Thread 8" [_thread_blocked, id=292, stack(0x000000225e600000,0x000000225e700000)]
  0x00000180f2064000 JavaThread "Unconstrained build operations Thread 9" [_thread_blocked, id=7496, stack(0x000000225e700000,0x000000225e800000)]
  0x00000180f2067000 JavaThread "Unconstrained build operations Thread 10" [_thread_blocked, id=7068, stack(0x000000225e800000,0x000000225e900000)]
  0x00000180f2068000 JavaThread "Unconstrained build operations Thread 11" [_thread_blocked, id=7448, stack(0x000000225e900000,0x000000225ea00000)]
  0x00000180f2069000 JavaThread "Unconstrained build operations Thread 12" [_thread_blocked, id=4888, stack(0x000000225ea00000,0x000000225eb00000)]
  0x00000180f2063000 JavaThread "Unconstrained build operations Thread 13" [_thread_blocked, id=7432, stack(0x000000225eb00000,0x000000225ec00000)]
  0x00000180f206e800 JavaThread "Unconstrained build operations Thread 14" [_thread_blocked, id=8516, stack(0x000000225ec00000,0x000000225ed00000)]
  0x00000180f2069800 JavaThread "Unconstrained build operations Thread 15" [_thread_blocked, id=8352, stack(0x000000225ed00000,0x000000225ee00000)]
  0x00000180f206f800 JavaThread "Unconstrained build operations Thread 16" [_thread_blocked, id=3372, stack(0x000000225ee00000,0x000000225ef00000)]
  0x00000180f206c000 JavaThread "Unconstrained build operations Thread 17" [_thread_blocked, id=10432, stack(0x000000225ef00000,0x000000225f000000)]
  0x00000180f2070000 JavaThread "Unconstrained build operations Thread 18" [_thread_blocked, id=3660, stack(0x000000225f000000,0x000000225f100000)]
  0x00000180f206d800 JavaThread "Unconstrained build operations Thread 19" [_thread_blocked, id=2544, stack(0x000000225f100000,0x000000225f200000)]
  0x00000180f206a800 JavaThread "Unconstrained build operations Thread 20" [_thread_blocked, id=1632, stack(0x000000225f200000,0x000000225f300000)]
  0x00000180f206d000 JavaThread "Unconstrained build operations Thread 21" [_thread_blocked, id=11104, stack(0x000000225f300000,0x000000225f400000)]
  0x00000180f2071000 JavaThread "Unconstrained build operations Thread 22" [_thread_blocked, id=5284, stack(0x000000225f400000,0x000000225f500000)]
  0x00000180f206b000 JavaThread "Unconstrained build operations Thread 23" [_thread_blocked, id=11832, stack(0x000000225f500000,0x000000225f600000)]
  0x00000180eb83e800 JavaThread "Unconstrained build operations Thread 24" [_thread_blocked, id=6212, stack(0x000000225f600000,0x000000225f700000)]
  0x00000180eb840000 JavaThread "Unconstrained build operations Thread 25" [_thread_blocked, id=10100, stack(0x000000225f700000,0x000000225f800000)]
  0x00000180eb845000 JavaThread "Unconstrained build operations Thread 26" [_thread_blocked, id=2856, stack(0x000000225f800000,0x000000225f900000)]
  0x00000180eb83f000 JavaThread "Unconstrained build operations Thread 27" [_thread_blocked, id=7052, stack(0x000000225f900000,0x000000225fa00000)]
  0x00000180eb845800 JavaThread "Unconstrained build operations Thread 28" [_thread_blocked, id=11028, stack(0x000000225fa00000,0x000000225fb00000)]
  0x00000180eb846800 JavaThread "Unconstrained build operations Thread 29" [_thread_blocked, id=7760, stack(0x000000225fb00000,0x000000225fc00000)]
  0x00000180eb840800 JavaThread "Unconstrained build operations Thread 30" [_thread_blocked, id=9636, stack(0x000000225fc00000,0x000000225fd00000)]
  0x00000180eb843000 JavaThread "Unconstrained build operations Thread 31" [_thread_blocked, id=6128, stack(0x000000225fd00000,0x000000225fe00000)]
  0x00000180eb847800 JavaThread "Unconstrained build operations Thread 32" [_thread_blocked, id=1556, stack(0x000000225fe00000,0x000000225ff00000)]
  0x00000180eb841800 JavaThread "Unconstrained build operations Thread 33" [_thread_blocked, id=3232, stack(0x000000225ff00000,0x0000002260000000)]
  0x00000180eb848000 JavaThread "Unconstrained build operations Thread 34" [_thread_blocked, id=3924, stack(0x0000002260000000,0x0000002260100000)]
  0x00000180eb842800 JavaThread "Unconstrained build operations Thread 35" [_thread_blocked, id=11912, stack(0x0000002260100000,0x0000002260200000)]
  0x00000180eb84b800 JavaThread "Unconstrained build operations Thread 36" [_thread_blocked, id=7876, stack(0x0000002260200000,0x0000002260300000)]
  0x00000180eb84c000 JavaThread "Unconstrained build operations Thread 37" [_thread_blocked, id=12024, stack(0x0000002260300000,0x0000002260400000)]
  0x00000180eb84d000 JavaThread "Unconstrained build operations Thread 38" [_thread_blocked, id=4584, stack(0x0000002260400000,0x0000002260500000)]
  0x00000180eb849800 JavaThread "Unconstrained build operations Thread 39" [_thread_blocked, id=1212, stack(0x0000002260500000,0x0000002260600000)]
  0x00000180eb849000 JavaThread "Unconstrained build operations Thread 40" [_thread_blocked, id=4936, stack(0x0000002260600000,0x0000002260700000)]
  0x00000180eb84a800 JavaThread "Unconstrained build operations Thread 41" [_thread_blocked, id=3164, stack(0x0000002260700000,0x0000002260800000)]
  0x00000180eb960000 JavaThread "Unconstrained build operations Thread 42" [_thread_blocked, id=9728, stack(0x0000002260800000,0x0000002260900000)]
  0x00000180eb961800 JavaThread "Unconstrained build operations Thread 43" [_thread_blocked, id=11924, stack(0x0000002260900000,0x0000002260a00000)]
  0x00000180eb962000 JavaThread "Unconstrained build operations Thread 44" [_thread_blocked, id=9720, stack(0x0000002260a00000,0x0000002260b00000)]
  0x00000180eb960800 JavaThread "Unconstrained build operations Thread 45" [_thread_blocked, id=8176, stack(0x0000002260b00000,0x0000002260c00000)]
  0x00000180eb964000 JavaThread "Unconstrained build operations Thread 46" [_thread_blocked, id=6500, stack(0x0000002260c00000,0x0000002260d00000)]
  0x00000180eb95f000 JavaThread "Unconstrained build operations Thread 47" [_thread_blocked, id=1412, stack(0x0000002260d00000,0x0000002260e00000)]
  0x00000180eb963000 JavaThread "Unconstrained build operations Thread 48" [_thread_blocked, id=4628, stack(0x0000002260e00000,0x0000002260f00000)]
  0x00000180eb95e000 JavaThread "Unconstrained build operations Thread 49" [_thread_blocked, id=8568, stack(0x0000002260f00000,0x0000002261000000)]
  0x00000180eb96a800 JavaThread "Unconstrained build operations Thread 50" [_thread_blocked, id=9328, stack(0x0000002261000000,0x0000002261100000)]
  0x00000180eb969800 JavaThread "Unconstrained build operations Thread 51" [_thread_blocked, id=9052, stack(0x0000002261100000,0x0000002261200000)]
  0x00000180eb964800 JavaThread "Unconstrained build operations Thread 52" [_thread_blocked, id=6388, stack(0x0000002261200000,0x0000002261300000)]
  0x00000180eb968800 JavaThread "Unconstrained build operations Thread 53" [_thread_blocked, id=1988, stack(0x0000002261300000,0x0000002261400000)]
  0x00000180eb965800 JavaThread "Unconstrained build operations Thread 54" [_thread_blocked, id=5352, stack(0x0000002261400000,0x0000002261500000)]
  0x00000180eb96b000 JavaThread "Unconstrained build operations Thread 55" [_thread_blocked, id=9076, stack(0x0000002261500000,0x0000002261600000)]
  0x00000180eb966800 JavaThread "Unconstrained build operations Thread 56" [_thread_blocked, id=2120, stack(0x0000002261600000,0x0000002261700000)]
  0x00000180eb96c000 JavaThread "Unconstrained build operations Thread 57" [_thread_blocked, id=1036, stack(0x0000002261700000,0x0000002261800000)]
  0x00000180eb967000 JavaThread "Unconstrained build operations Thread 58" [_thread_blocked, id=260, stack(0x0000002261800000,0x0000002261900000)]
  0x00000180ef486800 JavaThread "Unconstrained build operations Thread 59" [_thread_blocked, id=11960, stack(0x0000002261900000,0x0000002261a00000)]
  0x00000180ef48a800 JavaThread "Unconstrained build operations Thread 60" [_thread_blocked, id=6180, stack(0x0000002261a00000,0x0000002261b00000)]
  0x00000180ef487800 JavaThread "Unconstrained build operations Thread 61" [_thread_blocked, id=2116, stack(0x0000002261b00000,0x0000002261c00000)]
  0x00000180ecd98000 JavaThread "C2 CompilerThread1" daemon [_thread_in_native, id=11568, stack(0x0000002261c00000,0x0000002261d00000)]
  0x00000180ef489800 JavaThread "Unconstrained build operations Thread 62" [_thread_blocked, id=11708, stack(0x0000002261d00000,0x0000002261e00000)]
  0x00000180ef485000 JavaThread "Unconstrained build operations Thread 63" [_thread_blocked, id=6896, stack(0x0000002261e00000,0x0000002261f00000)]
  0x00000180ef485800 JavaThread "Unconstrained build operations Thread 64" [_thread_blocked, id=4964, stack(0x0000002261f00000,0x0000002262000000)]
  0x00000180ef48c000 JavaThread "Unconstrained build operations Thread 65" [_thread_blocked, id=5036, stack(0x0000002262000000,0x0000002262100000)]
  0x00000180ef489000 JavaThread "Unconstrained build operations Thread 66" [_thread_blocked, id=6156, stack(0x0000002262100000,0x0000002262200000)]
  0x00000180ef488000 JavaThread "Unconstrained build operations Thread 67" [_thread_blocked, id=288, stack(0x0000002262200000,0x0000002262300000)]
  0x00000180ef48e800 JavaThread "Unconstrained build operations Thread 68" [_thread_blocked, id=10236, stack(0x0000002262300000,0x0000002262400000)]
  0x00000180ef492800 JavaThread "Unconstrained build operations Thread 69" [_thread_blocked, id=8944, stack(0x0000002262400000,0x0000002262500000)]
  0x00000180ef48f800 JavaThread "Unconstrained build operations Thread 70" [_thread_blocked, id=7808, stack(0x0000002262500000,0x0000002262600000)]
  0x00000180ef490800 JavaThread "Unconstrained build operations Thread 71" [_thread_blocked, id=11276, stack(0x0000002262600000,0x0000002262700000)]
  0x00000180ef491000 JavaThread "Unconstrained build operations Thread 72" [_thread_blocked, id=1664, stack(0x0000002262700000,0x0000002262800000)]
  0x00000180ef48d000 JavaThread "Unconstrained build operations Thread 73" [_thread_blocked, id=9632, stack(0x0000002262800000,0x0000002262900000)]
  0x00000180ef493800 JavaThread "Unconstrained build operations Thread 74" [_thread_blocked, id=7308, stack(0x0000002262900000,0x0000002262a00000)]
  0x00000180e69de800 JavaThread "Unconstrained build operations Thread 75" [_thread_blocked, id=7236, stack(0x0000002262a00000,0x0000002262b00000)]
  0x00000180e69df800 JavaThread "Unconstrained build operations Thread 76" [_thread_blocked, id=6752, stack(0x0000002262b00000,0x0000002262c00000)]
  0x00000180e69d9800 JavaThread "Unconstrained build operations Thread 77" [_thread_blocked, id=7632, stack(0x0000002262c00000,0x0000002262d00000)]
  0x00000180e69e6800 JavaThread "Unconstrained build operations Thread 78" [_thread_blocked, id=11084, stack(0x0000002262d00000,0x0000002262e00000)]
  0x00000180e69e2800 JavaThread "Unconstrained build operations Thread 79" [_thread_blocked, id=2392, stack(0x0000002262e00000,0x0000002262f00000)]
  0x00000180e69e3800 JavaThread "Unconstrained build operations Thread 80" [_thread_blocked, id=4608, stack(0x0000002262f00000,0x0000002263000000)]

Other Threads:
  0x00000180e3900000 VMThread "VM Thread" [stack: 0x000000225ab00000,0x000000225ac00000] [id=1288]
  0x00000180e42f0800 WatcherThread [stack: 0x000000225b500000,0x000000225b600000] [id=5136]
  0x00000180c9454000 GCTaskThread "GC Thread#0" [stack: 0x000000225a600000,0x000000225a700000] [id=4084]
  0x00000180e508b800 GCTaskThread "GC Thread#1" [stack: 0x000000225b700000,0x000000225b800000] [id=11888]
  0x00000180e540e000 GCTaskThread "GC Thread#2" [stack: 0x000000225b800000,0x000000225b900000] [id=8040]
  0x00000180e4c49800 GCTaskThread "GC Thread#3" [stack: 0x000000225b900000,0x000000225ba00000] [id=5156]
  0x00000180e76ba000 GCTaskThread "GC Thread#4" [stack: 0x000000225c600000,0x000000225c700000] [id=11812]
  0x00000180e757a800 GCTaskThread "GC Thread#5" [stack: 0x000000225c700000,0x000000225c800000] [id=7620]
  0x00000180e557b000 GCTaskThread "GC Thread#6" [stack: 0x000000225c800000,0x000000225c900000] [id=10692]
  0x00000180e6cfe800 GCTaskThread "GC Thread#7" [stack: 0x000000225c900000,0x000000225ca00000] [id=5820]
  0x00000180c9487000 ConcurrentGCThread "G1 Main Marker" [stack: 0x000000225a700000,0x000000225a800000] [id=11436]
  0x00000180c9488000 ConcurrentGCThread "G1 Conc#0" [stack: 0x000000225a800000,0x000000225a900000] [id=2200]
  0x00000180e6699800 ConcurrentGCThread "G1 Conc#1" [stack: 0x000000225ca00000,0x000000225cb00000] [id=9132]
  0x00000180c951e000 ConcurrentGCThread "G1 Refine#0" [stack: 0x000000225a900000,0x000000225aa00000] [id=9384]
  0x00000180e9665000 ConcurrentGCThread "G1 Refine#1" [stack: 0x000000225dd00000,0x000000225de00000] [id=5472]
  0x00000180e374e800 ConcurrentGCThread "G1 Young RemSet Sampling" [stack: 0x000000225aa00000,0x000000225ab00000] [id=7820]

Threads with active compile tasks:
C2 CompilerThread04919316 22384       4       org.gradle.api.internal.artifacts.ivyservice.resolveengine.graph.builder.ResolveState::getRevision (34 bytes)
C2 CompilerThread14919316 22385       4       org.gradle.api.internal.artifacts.ivyservice.resolveengine.graph.builder.ModuleResolveState::getVersion (59 bytes)

VM state:not at safepoint (normal execution)

VM Mutex/Monitor currently owned by a thread: None

Heap address: 0x0000000080000000, size: 2048 MB, Compressed Oops mode: 32-bit
Narrow klass base: 0x0000000000000000, Narrow klass shift: 3
Compressed class space size: 1073741824 Address: 0x0000000100000000

Heap:
 garbage-first heap   total 272384K, used 201418K [0x0000000080000000, 0x0000000100000000)
  region size 1024K, 27 young (27648K), 2 survivors (2048K)
 Metaspace       used 144034K, capacity 148330K, committed 149876K, reserved 1179648K
  class space    used 18058K, capacity 19668K, committed 20224K, reserved 1048576K
Heap Regions: E=young(eden), S=young(survivor), O=old, HS=humongous(starts), HC=humongous(continues), CS=collection set, F=free, A=archive, TAMS=top-at-mark-start (previous, next)
|   0|0x0000000080000000, 0x0000000080100000, 0x0000000080100000|100%| O|  |TAMS 0x0000000080100000, 0x0000000080000000| Untracked 
|   1|0x0000000080100000, 0x0000000080200000, 0x0000000080200000|100%| O|  |TAMS 0x0000000080200000, 0x0000000080100000| Complete 
|   2|0x0000000080200000, 0x0000000080300000, 0x0000000080300000|100%| O|  |TAMS 0x0000000080300000, 0x0000000080200000| Untracked 
|   3|0x0000000080300000, 0x0000000080400000, 0x0000000080400000|100%|HS|  |TAMS 0x0000000080400000, 0x0000000080300000| Complete 
|   4|0x0000000080400000, 0x0000000080500000, 0x0000000080500000|100%|HC|  |TAMS 0x0000000080500000, 0x0000000080400000| Complete 
|   5|0x0000000080500000, 0x0000000080600000, 0x0000000080600000|100%|HC|  |TAMS 0x0000000080600000, 0x0000000080500000| Complete 
|   6|0x0000000080600000, 0x0000000080700000, 0x0000000080700000|100%| O|  |TAMS 0x0000000080700000, 0x0000000080600000| Complete 
|   7|0x0000000080700000, 0x0000000080800000, 0x0000000080800000|100%| O|  |TAMS 0x0000000080800000, 0x0000000080700000| Untracked 
|   8|0x0000000080800000, 0x0000000080900000, 0x0000000080900000|100%| O|  |TAMS 0x0000000080900000, 0x0000000080800000| Untracked 
|   9|0x0000000080900000, 0x0000000080a00000, 0x0000000080a00000|100%| O|  |TAMS 0x0000000080a00000, 0x0000000080900000| Untracked 
|  10|0x0000000080a00000, 0x0000000080b00000, 0x0000000080b00000|100%| O|  |TAMS 0x0000000080b00000, 0x0000000080a00000| Untracked 
|  11|0x0000000080b00000, 0x0000000080c00000, 0x0000000080c00000|100%| O|  |TAMS 0x0000000080c00000, 0x0000000080b00000| Untracked 
|  12|0x0000000080c00000, 0x0000000080d00000, 0x0000000080d00000|100%| O|  |TAMS 0x0000000080d00000, 0x0000000080c00000| Untracked 
|  13|0x0000000080d00000, 0x0000000080e00000, 0x0000000080e00000|100%| O|  |TAMS 0x0000000080e00000, 0x0000000080d00000| Untracked 
|  14|0x0000000080e00000, 0x0000000080f00000, 0x0000000080f00000|100%| O|  |TAMS 0x0000000080f00000, 0x0000000080e00000| Untracked 
|  15|0x0000000080f00000, 0x0000000081000000, 0x0000000081000000|100%| O|  |TAMS 0x0000000081000000, 0x0000000080f00000| Untracked 
|  16|0x0000000081000000, 0x0000000081100000, 0x0000000081100000|100%| O|  |TAMS 0x0000000081100000, 0x0000000081000000| Complete 
|  17|0x0000000081100000, 0x0000000081200000, 0x0000000081200000|100%|HS|  |TAMS 0x0000000081200000, 0x0000000081100000| Complete 
|  18|0x0000000081200000, 0x0000000081300000, 0x0000000081300000|100%|HC|  |TAMS 0x0000000081300000, 0x0000000081200000| Complete 
|  19|0x0000000081300000, 0x0000000081400000, 0x0000000081400000|100%|HS|  |TAMS 0x0000000081400000, 0x0000000081300000| Complete 
|  20|0x0000000081400000, 0x0000000081500000, 0x0000000081500000|100%|HC|  |TAMS 0x0000000081500000, 0x0000000081400000| Complete 
|  21|0x0000000081500000, 0x0000000081600000, 0x0000000081600000|100%|HC|  |TAMS 0x0000000081600000, 0x0000000081500000| Complete 
|  22|0x0000000081600000, 0x0000000081700000, 0x0000000081700000|100%|HS|  |TAMS 0x0000000081700000, 0x0000000081600000| Complete 
|  23|0x0000000081700000, 0x0000000081800000, 0x0000000081800000|100%|HC|  |TAMS 0x0000000081800000, 0x0000000081700000| Complete 
|  24|0x0000000081800000, 0x0000000081900000, 0x0000000081900000|100%|HC|  |TAMS 0x0000000081900000, 0x0000000081800000| Complete 
|  25|0x0000000081900000, 0x0000000081a00000, 0x0000000081a00000|100%|HC|  |TAMS 0x0000000081a00000, 0x0000000081900000| Complete 
|  26|0x0000000081a00000, 0x0000000081b00000, 0x0000000081b00000|100%|HC|  |TAMS 0x0000000081b00000, 0x0000000081a00000| Complete 
|  27|0x0000000081b00000, 0x0000000081c00000, 0x0000000081c00000|100%|HS|  |TAMS 0x0000000081c00000, 0x0000000081b00000| Complete 
|  28|0x0000000081c00000, 0x0000000081d00000, 0x0000000081d00000|100%|HC|  |TAMS 0x0000000081d00000, 0x0000000081c00000| Complete 
|  29|0x0000000081d00000, 0x0000000081e00000, 0x0000000081e00000|100%|HC|  |TAMS 0x0000000081e00000, 0x0000000081d00000| Complete 
|  30|0x0000000081e00000, 0x0000000081f00000, 0x0000000081f00000|100%|HS|  |TAMS 0x0000000081f00000, 0x0000000081e00000| Complete 
|  31|0x0000000081f00000, 0x0000000082000000, 0x0000000082000000|100%|HS|  |TAMS 0x0000000082000000, 0x0000000081f00000| Complete 
|  32|0x0000000082000000, 0x0000000082100000, 0x0000000082100000|100%|HS|  |TAMS 0x0000000082000000, 0x0000000082000000| Complete 
|  33|0x0000000082100000, 0x0000000082200000, 0x0000000082200000|100%| O|  |TAMS 0x0000000082200000, 0x0000000082100000| Complete 
|  34|0x0000000082200000, 0x0000000082300000, 0x0000000082300000|100%|HS|  |TAMS 0x0000000082300000, 0x0000000082200000| Complete 
|  35|0x0000000082300000, 0x0000000082400000, 0x0000000082400000|100%|HC|  |TAMS 0x0000000082400000, 0x0000000082300000| Complete 
|  36|0x0000000082400000, 0x0000000082500000, 0x0000000082500000|100%|HC|  |TAMS 0x0000000082500000, 0x0000000082400000| Complete 
|  37|0x0000000082500000, 0x0000000082600000, 0x0000000082600000|100%|HS|  |TAMS 0x0000000082600000, 0x0000000082500000| Complete 
|  38|0x0000000082600000, 0x0000000082700000, 0x0000000082700000|100%|HC|  |TAMS 0x0000000082700000, 0x0000000082600000| Complete 
|  39|0x0000000082700000, 0x0000000082800000, 0x0000000082800000|100%|HC|  |TAMS 0x0000000082800000, 0x0000000082700000| Complete 
|  40|0x0000000082800000, 0x0000000082900000, 0x0000000082900000|100%|HS|  |TAMS 0x0000000082900000, 0x0000000082800000| Complete 
|  41|0x0000000082900000, 0x0000000082a00000, 0x0000000082a00000|100%|HC|  |TAMS 0x0000000082a00000, 0x0000000082900000| Complete 
|  42|0x0000000082a00000, 0x0000000082b00000, 0x0000000082b00000|100%|HS|  |TAMS 0x0000000082b00000, 0x0000000082a00000| Complete 
|  43|0x0000000082b00000, 0x0000000082c00000, 0x0000000082c00000|100%|HC|  |TAMS 0x0000000082c00000, 0x0000000082b00000| Complete 
|  44|0x0000000082c00000, 0x0000000082d00000, 0x0000000082d00000|100%|HC|  |TAMS 0x0000000082d00000, 0x0000000082c00000| Complete 
|  45|0x0000000082d00000, 0x0000000082e00000, 0x0000000082e00000|100%|HC|  |TAMS 0x0000000082e00000, 0x0000000082d00000| Complete 
|  46|0x0000000082e00000, 0x0000000082f00000, 0x0000000082f00000|100%| O|  |TAMS 0x0000000082f00000, 0x0000000082e00000| Complete 
|  47|0x0000000082f00000, 0x0000000083000000, 0x0000000083000000|100%| O|  |TAMS 0x0000000083000000, 0x0000000082f00000| Complete 
|  48|0x0000000083000000, 0x0000000083100000, 0x0000000083100000|100%| O|  |TAMS 0x0000000083100000, 0x0000000083000000| Complete 
|  49|0x0000000083100000, 0x0000000083200000, 0x0000000083200000|100%| O|  |TAMS 0x0000000083200000, 0x0000000083100000| Complete 
|  50|0x0000000083200000, 0x0000000083300000, 0x0000000083300000|100%|HS|  |TAMS 0x0000000083300000, 0x0000000083200000| Complete 
|  51|0x0000000083300000, 0x0000000083400000, 0x0000000083400000|100%|HC|  |TAMS 0x0000000083400000, 0x0000000083300000| Complete 
|  52|0x0000000083400000, 0x0000000083500000, 0x0000000083500000|100%|HC|  |TAMS 0x0000000083500000, 0x0000000083400000| Complete 
|  53|0x0000000083500000, 0x0000000083600000, 0x0000000083600000|100%|HC|  |TAMS 0x0000000083600000, 0x0000000083500000| Complete 
|  54|0x0000000083600000, 0x0000000083700000, 0x0000000083700000|100%|HC|  |TAMS 0x0000000083700000, 0x0000000083600000| Complete 
|  55|0x0000000083700000, 0x0000000083800000, 0x0000000083800000|100%| O|  |TAMS 0x0000000083800000, 0x0000000083700000| Untracked 
|  56|0x0000000083800000, 0x0000000083900000, 0x0000000083900000|100%| O|  |TAMS 0x0000000083900000, 0x0000000083800000| Untracked 
|  57|0x0000000083900000, 0x0000000083a00000, 0x0000000083a00000|100%| O|  |TAMS 0x0000000083a00000, 0x0000000083900000| Untracked 
|  58|0x0000000083a00000, 0x0000000083b00000, 0x0000000083b00000|100%| O|  |TAMS 0x0000000083b00000, 0x0000000083a00000| Untracked 
|  59|0x0000000083b00000, 0x0000000083c00000, 0x0000000083c00000|100%| O|  |TAMS 0x0000000083c00000, 0x0000000083b00000| Complete 
|  60|0x0000000083c00000, 0x0000000083d00000, 0x0000000083d00000|100%| O|  |TAMS 0x0000000083d00000, 0x0000000083c00000| Complete 
|  61|0x0000000083d00000, 0x0000000083d00000, 0x0000000083e00000|  0%| F|  |TAMS 0x0000000083d00000, 0x0000000083d00000| Untracked 
|  62|0x0000000083e00000, 0x0000000083f00000, 0x0000000083f00000|100%| O|  |TAMS 0x0000000083f00000, 0x0000000083e00000| Complete 
|  63|0x0000000083f00000, 0x0000000084000000, 0x0000000084000000|100%| O|  |TAMS 0x0000000084000000, 0x0000000083f00000| Untracked 
|  64|0x0000000084000000, 0x0000000084100000, 0x0000000084100000|100%| O|  |TAMS 0x0000000084100000, 0x0000000084000000| Complete 
|  65|0x0000000084100000, 0x0000000084200000, 0x0000000084200000|100%| O|  |TAMS 0x0000000084200000, 0x0000000084100000| Complete 
|  66|0x0000000084200000, 0x0000000084300000, 0x0000000084300000|100%|HS|  |TAMS 0x0000000084300000, 0x0000000084200000| Complete 
|  67|0x0000000084300000, 0x0000000084400000, 0x0000000084400000|100%| O|  |TAMS 0x0000000084400000, 0x0000000084300000| Untracked 
|  68|0x0000000084400000, 0x0000000084500000, 0x0000000084500000|100%| O|  |TAMS 0x0000000084500000, 0x0000000084400000| Complete 
|  69|0x0000000084500000, 0x0000000084600000, 0x0000000084600000|100%| O|  |TAMS 0x0000000084600000, 0x0000000084500000| Complete 
|  70|0x0000000084600000, 0x0000000084700000, 0x0000000084700000|100%| O|  |TAMS 0x0000000084700000, 0x0000000084600000| Complete 
|  71|0x0000000084700000, 0x0000000084800000, 0x0000000084800000|100%| O|  |TAMS 0x0000000084800000, 0x0000000084700000| Complete 
|  72|0x0000000084800000, 0x0000000084900000, 0x0000000084900000|100%| O|  |TAMS 0x0000000084900000, 0x0000000084800000| Untracked 
|  73|0x0000000084900000, 0x0000000084a00000, 0x0000000084a00000|100%|HS|  |TAMS 0x0000000084a00000, 0x0000000084900000| Complete 
|  74|0x0000000084a00000, 0x0000000084b00000, 0x0000000084b00000|100%|HC|  |TAMS 0x0000000084b00000, 0x0000000084a00000| Complete 
|  75|0x0000000084b00000, 0x0000000084c00000, 0x0000000084c00000|100%| O|  |TAMS 0x0000000084c00000, 0x0000000084b00000| Complete 
|  76|0x0000000084c00000, 0x0000000084d00000, 0x0000000084d00000|100%| O|  |TAMS 0x0000000084d00000, 0x0000000084c00000| Untracked 
|  77|0x0000000084d00000, 0x0000000084e00000, 0x0000000084e00000|100%|HS|  |TAMS 0x0000000084e00000, 0x0000000084d00000| Complete 
|  78|0x0000000084e00000, 0x0000000084f00000, 0x0000000084f00000|100%|HC|  |TAMS 0x0000000084f00000, 0x0000000084e00000| Complete 
|  79|0x0000000084f00000, 0x0000000084f00000, 0x0000000085000000|  0%| F|  |TAMS 0x0000000084f00000, 0x0000000084f00000| Untracked 
|  80|0x0000000085000000, 0x0000000085100000, 0x0000000085100000|100%| O|  |TAMS 0x0000000085100000, 0x0000000085000000| Complete 
|  81|0x0000000085100000, 0x0000000085200000, 0x0000000085200000|100%| O|  |TAMS 0x0000000085200000, 0x0000000085100000| Complete 
|  82|0x0000000085200000, 0x0000000085300000, 0x0000000085300000|100%| O|  |TAMS 0x0000000085300000, 0x0000000085200000| Untracked 
|  83|0x0000000085300000, 0x0000000085400000, 0x0000000085400000|100%| O|  |TAMS 0x0000000085400000, 0x0000000085300000| Complete 
|  84|0x0000000085400000, 0x0000000085500000, 0x0000000085500000|100%| O|  |TAMS 0x0000000085500000, 0x0000000085400000| Complete 
|  85|0x0000000085500000, 0x0000000085600000, 0x0000000085600000|100%| O|  |TAMS 0x0000000085600000, 0x0000000085500000| Complete 
|  86|0x0000000085600000, 0x0000000085700000, 0x0000000085700000|100%| O|  |TAMS 0x0000000085700000, 0x0000000085600000| Complete 
|  87|0x0000000085700000, 0x0000000085800000, 0x0000000085800000|100%| O|  |TAMS 0x0000000085800000, 0x0000000085700000| Complete 
|  88|0x0000000085800000, 0x0000000085900000, 0x0000000085900000|100%| O|  |TAMS 0x0000000085900000, 0x0000000085800000| Complete 
|  89|0x0000000085900000, 0x0000000085a00000, 0x0000000085a00000|100%|HS|  |TAMS 0x0000000085a00000, 0x0000000085900000| Complete 
|  90|0x0000000085a00000, 0x0000000085b00000, 0x0000000085b00000|100%|HC|  |TAMS 0x0000000085b00000, 0x0000000085a00000| Complete 
|  91|0x0000000085b00000, 0x0000000085c00000, 0x0000000085c00000|100%|HC|  |TAMS 0x0000000085c00000, 0x0000000085b00000| Complete 
|  92|0x0000000085c00000, 0x0000000085d00000, 0x0000000085d00000|100%|HC|  |TAMS 0x0000000085d00000, 0x0000000085c00000| Complete 
|  93|0x0000000085d00000, 0x0000000085e00000, 0x0000000085e00000|100%|HS|  |TAMS 0x0000000085e00000, 0x0000000085d00000| Complete 
|  94|0x0000000085e00000, 0x0000000085f00000, 0x0000000085f00000|100%|HC|  |TAMS 0x0000000085f00000, 0x0000000085e00000| Complete 
|  95|0x0000000085f00000, 0x0000000086000000, 0x0000000086000000|100%|HS|  |TAMS 0x0000000086000000, 0x0000000085f00000| Complete 
|  96|0x0000000086000000, 0x0000000086100000, 0x0000000086100000|100%|HC|  |TAMS 0x0000000086100000, 0x0000000086000000| Complete 
|  97|0x0000000086100000, 0x0000000086200000, 0x0000000086200000|100%|HC|  |TAMS 0x0000000086200000, 0x0000000086100000| Complete 
|  98|0x0000000086200000, 0x0000000086300000, 0x0000000086300000|100%| O|  |TAMS 0x0000000086300000, 0x0000000086200000| Complete 
|  99|0x0000000086300000, 0x0000000086400000, 0x0000000086400000|100%| O|  |TAMS 0x0000000086400000, 0x0000000086300000| Untracked 
| 100|0x0000000086400000, 0x0000000086500000, 0x0000000086500000|100%| O|  |TAMS 0x0000000086500000, 0x0000000086400000| Complete 
| 101|0x0000000086500000, 0x0000000086600000, 0x0000000086600000|100%|HS|  |TAMS 0x0000000086600000, 0x0000000086500000| Complete 
| 102|0x0000000086600000, 0x0000000086700000, 0x0000000086700000|100%|HC|  |TAMS 0x0000000086700000, 0x0000000086600000| Complete 
| 103|0x0000000086700000, 0x0000000086800000, 0x0000000086800000|100%|HC|  |TAMS 0x0000000086800000, 0x0000000086700000| Complete 
| 104|0x0000000086800000, 0x0000000086900000, 0x0000000086900000|100%|HC|  |TAMS 0x0000000086900000, 0x0000000086800000| Complete 
| 105|0x0000000086900000, 0x0000000086a00000, 0x0000000086a00000|100%|HC|  |TAMS 0x0000000086a00000, 0x0000000086900000| Complete 
| 106|0x0000000086a00000, 0x0000000086b00000, 0x0000000086b00000|100%|HS|  |TAMS 0x0000000086b00000, 0x0000000086a00000| Complete 
| 107|0x0000000086b00000, 0x0000000086c00000, 0x0000000086c00000|100%|HC|  |TAMS 0x0000000086c00000, 0x0000000086b00000| Complete 
| 108|0x0000000086c00000, 0x0000000086d00000, 0x0000000086d00000|100%|HC|  |TAMS 0x0000000086d00000, 0x0000000086c00000| Complete 
| 109|0x0000000086d00000, 0x0000000086e00000, 0x0000000086e00000|100%|HS|  |TAMS 0x0000000086e00000, 0x0000000086d00000| Complete 
| 110|0x0000000086e00000, 0x0000000086f00000, 0x0000000086f00000|100%|HS|  |TAMS 0x0000000086f00000, 0x0000000086e00000| Complete 
| 111|0x0000000086f00000, 0x0000000087000000, 0x0000000087000000|100%|HC|  |TAMS 0x0000000087000000, 0x0000000086f00000| Complete 
| 112|0x0000000087000000, 0x0000000087100000, 0x0000000087100000|100%|HC|  |TAMS 0x0000000087100000, 0x0000000087000000| Complete 
| 113|0x0000000087100000, 0x0000000087200000, 0x0000000087200000|100%|HC|  |TAMS 0x0000000087200000, 0x0000000087100000| Complete 
| 114|0x0000000087200000, 0x0000000087300000, 0x0000000087300000|100%| O|  |TAMS 0x0000000087300000, 0x0000000087200000| Complete 
| 115|0x0000000087300000, 0x0000000087300000, 0x0000000087400000|  0%| F|  |TAMS 0x0000000087300000, 0x0000000087300000| Untracked 
| 116|0x0000000087400000, 0x0000000087500000, 0x0000000087500000|100%| O|  |TAMS 0x0000000087500000, 0x0000000087400000| Complete 
| 117|0x0000000087500000, 0x0000000087500000, 0x0000000087600000|  0%| F|  |TAMS 0x0000000087500000, 0x0000000087500000| Untracked 
| 118|0x0000000087600000, 0x0000000087700000, 0x0000000087700000|100%| O|  |TAMS 0x0000000087700000, 0x0000000087600000| Untracked 
| 119|0x0000000087700000, 0x0000000087800000, 0x0000000087800000|100%| O|  |TAMS 0x0000000087800000, 0x0000000087700000| Untracked 
| 120|0x0000000087800000, 0x0000000087900000, 0x0000000087900000|100%| O|  |TAMS 0x0000000087900000, 0x0000000087800000| Untracked 
| 121|0x0000000087900000, 0x0000000087a00000, 0x0000000087a00000|100%| O|  |TAMS 0x0000000087a00000, 0x0000000087900000| Complete 
| 122|0x0000000087a00000, 0x0000000087b00000, 0x0000000087b00000|100%| O|  |TAMS 0x0000000087b00000, 0x0000000087a00000| Complete 
| 123|0x0000000087b00000, 0x0000000087b00000, 0x0000000087c00000|  0%| F|  |TAMS 0x0000000087b00000, 0x0000000087b00000| Untracked 
| 124|0x0000000087c00000, 0x0000000087d00000, 0x0000000087d00000|100%| O|  |TAMS 0x0000000087d00000, 0x0000000087c00000| Untracked 
| 125|0x0000000087d00000, 0x0000000087d00000, 0x0000000087e00000|  0%| F|  |TAMS 0x0000000087d00000, 0x0000000087d00000| Untracked 
| 126|0x0000000087e00000, 0x0000000087f00000, 0x0000000087f00000|100%| O|  |TAMS 0x0000000087f00000, 0x0000000087e00000| Complete 
| 127|0x0000000087f00000, 0x0000000088000000, 0x0000000088000000|100%| O|  |TAMS 0x0000000088000000, 0x0000000087f00000| Complete 
| 128|0x0000000088000000, 0x0000000088000000, 0x0000000088100000|  0%| F|  |TAMS 0x0000000088000000, 0x0000000088000000| Untracked 
| 129|0x0000000088100000, 0x0000000088200000, 0x0000000088200000|100%| O|  |TAMS 0x0000000088200000, 0x0000000088100000| Complete 
| 130|0x0000000088200000, 0x0000000088300000, 0x0000000088300000|100%| O|  |TAMS 0x0000000088300000, 0x0000000088200000| Complete 
| 131|0x0000000088300000, 0x0000000088400000, 0x0000000088400000|100%| O|  |TAMS 0x0000000088400000, 0x0000000088300000| Complete 
| 132|0x0000000088400000, 0x0000000088500000, 0x0000000088500000|100%| O|  |TAMS 0x0000000088500000, 0x0000000088400000| Untracked 
| 133|0x0000000088500000, 0x0000000088600000, 0x0000000088600000|100%| O|  |TAMS 0x0000000088600000, 0x0000000088500000| Complete 
| 134|0x0000000088600000, 0x0000000088700000, 0x0000000088700000|100%| O|  |TAMS 0x0000000088700000, 0x0000000088600000| Complete 
| 135|0x0000000088700000, 0x0000000088800000, 0x0000000088800000|100%| O|  |TAMS 0x0000000088800000, 0x0000000088700000| Complete 
| 136|0x0000000088800000, 0x0000000088900000, 0x0000000088900000|100%| O|  |TAMS 0x0000000088900000, 0x0000000088800000| Complete 
| 137|0x0000000088900000, 0x0000000088900000, 0x0000000088a00000|  0%| F|  |TAMS 0x0000000088900000, 0x0000000088900000| Untracked 
| 138|0x0000000088a00000, 0x0000000088b00000, 0x0000000088b00000|100%| O|  |TAMS 0x0000000088b00000, 0x0000000088a00000| Complete 
| 139|0x0000000088b00000, 0x0000000088c00000, 0x0000000088c00000|100%| O|  |TAMS 0x0000000088c00000, 0x0000000088b00000| Complete 
| 140|0x0000000088c00000, 0x0000000088d00000, 0x0000000088d00000|100%| O|  |TAMS 0x0000000088d00000, 0x0000000088c00000| Untracked 
| 141|0x0000000088d00000, 0x0000000088e00000, 0x0000000088e00000|100%| O|  |TAMS 0x0000000088e00000, 0x0000000088d00000| Untracked 
| 142|0x0000000088e00000, 0x0000000088f00000, 0x0000000088f00000|100%| O|  |TAMS 0x0000000088f00000, 0x0000000088e00000| Untracked 
| 143|0x0000000088f00000, 0x0000000089000000, 0x0000000089000000|100%| O|  |TAMS 0x0000000089000000, 0x0000000088f00000| Untracked 
| 144|0x0000000089000000, 0x0000000089100000, 0x0000000089100000|100%| O|  |TAMS 0x0000000089100000, 0x0000000089000000| Complete 
| 145|0x0000000089100000, 0x0000000089200000, 0x0000000089200000|100%| O|  |TAMS 0x0000000089200000, 0x0000000089100000| Complete 
| 146|0x0000000089200000, 0x0000000089300000, 0x0000000089300000|100%| O|  |TAMS 0x0000000089300000, 0x0000000089200000| Complete 
| 147|0x0000000089300000, 0x0000000089400000, 0x0000000089400000|100%| O|  |TAMS 0x0000000089400000, 0x0000000089300000| Complete 
| 148|0x0000000089400000, 0x0000000089500000, 0x0000000089500000|100%| O|  |TAMS 0x0000000089500000, 0x0000000089400000| Complete 
| 149|0x0000000089500000, 0x0000000089600000, 0x0000000089600000|100%| O|  |TAMS 0x0000000089600000, 0x0000000089500000| Complete 
| 150|0x0000000089600000, 0x0000000089700000, 0x0000000089700000|100%| O|  |TAMS 0x0000000089700000, 0x0000000089600000| Untracked 
| 151|0x0000000089700000, 0x0000000089800000, 0x0000000089800000|100%| O|  |TAMS 0x0000000089800000, 0x0000000089700000| Complete 
| 152|0x0000000089800000, 0x0000000089800000, 0x0000000089900000|  0%| F|  |TAMS 0x0000000089800000, 0x0000000089800000| Untracked 
| 153|0x0000000089900000, 0x0000000089a00000, 0x0000000089a00000|100%| O|  |TAMS 0x0000000089a00000, 0x0000000089900000| Untracked 
| 154|0x0000000089a00000, 0x0000000089b00000, 0x0000000089b00000|100%|HS|  |TAMS 0x0000000089a00000, 0x0000000089a00000| Complete 
| 155|0x0000000089b00000, 0x0000000089c00000, 0x0000000089c00000|100%|HC|  |TAMS 0x0000000089b00000, 0x0000000089b00000| Complete 
| 156|0x0000000089c00000, 0x0000000089c00000, 0x0000000089d00000|  0%| F|  |TAMS 0x0000000089c00000, 0x0000000089c00000| Untracked 
| 157|0x0000000089d00000, 0x0000000089e00000, 0x0000000089e00000|100%| O|  |TAMS 0x0000000089e00000, 0x0000000089d00000| Untracked 
| 158|0x0000000089e00000, 0x0000000089f00000, 0x0000000089f00000|100%| O|  |TAMS 0x0000000089f00000, 0x0000000089e00000| Untracked 
| 159|0x0000000089f00000, 0x0000000089f00000, 0x000000008a000000|  0%| F|  |TAMS 0x0000000089f00000, 0x0000000089f00000| Untracked 
| 160|0x000000008a000000, 0x000000008a100000, 0x000000008a100000|100%| O|  |TAMS 0x000000008a100000, 0x000000008a000000| Complete 
| 161|0x000000008a100000, 0x000000008a200000, 0x000000008a200000|100%| O|  |TAMS 0x000000008a200000, 0x000000008a100000| Untracked 
| 162|0x000000008a200000, 0x000000008a300000, 0x000000008a300000|100%| O|  |TAMS 0x000000008a300000, 0x000000008a200000| Untracked 
| 163|0x000000008a300000, 0x000000008a400000, 0x000000008a400000|100%| O|  |TAMS 0x000000008a400000, 0x000000008a300000| Untracked 
| 164|0x000000008a400000, 0x000000008a500000, 0x000000008a500000|100%| O|  |TAMS 0x000000008a500000, 0x000000008a400000| Complete 
| 165|0x000000008a500000, 0x000000008a600000, 0x000000008a600000|100%| O|  |TAMS 0x000000008a600000, 0x000000008a500000| Complete 
| 166|0x000000008a600000, 0x000000008a600000, 0x000000008a700000|  0%| F|  |TAMS 0x000000008a600000, 0x000000008a600000| Untracked 
| 167|0x000000008a700000, 0x000000008a800000, 0x000000008a800000|100%| O|  |TAMS 0x000000008a800000, 0x000000008a700000| Complete 
| 168|0x000000008a800000, 0x000000008a900000, 0x000000008a900000|100%| O|  |TAMS 0x000000008a900000, 0x000000008a800000| Complete 
| 169|0x000000008a900000, 0x000000008aa00000, 0x000000008aa00000|100%| O|  |TAMS 0x000000008aa00000, 0x000000008a900000| Complete 
| 170|0x000000008aa00000, 0x000000008ab00000, 0x000000008ab00000|100%| O|  |TAMS 0x000000008ab00000, 0x000000008aa00000| Untracked 
| 171|0x000000008ab00000, 0x000000008ac00000, 0x000000008ac00000|100%| O|  |TAMS 0x000000008ac00000, 0x000000008ab00000| Untracked 
| 172|0x000000008ac00000, 0x000000008ad00000, 0x000000008ad00000|100%| O|  |TAMS 0x000000008ad00000, 0x000000008ac00000| Untracked 
| 173|0x000000008ad00000, 0x000000008ad9b800, 0x000000008ae00000| 60%| O|  |TAMS 0x000000008ad9b800, 0x000000008ad00000| Untracked 
| 174|0x000000008ae00000, 0x000000008af00000, 0x000000008af00000|100%|HS|  |TAMS 0x000000008ae00000, 0x000000008ae00000| Complete 
| 175|0x000000008af00000, 0x000000008b000000, 0x000000008b000000|100%|HC|  |TAMS 0x000000008af00000, 0x000000008af00000| Complete 
| 176|0x000000008b000000, 0x000000008b100000, 0x000000008b100000|100%|HS|  |TAMS 0x000000008b000000, 0x000000008b000000| Complete 
| 177|0x000000008b100000, 0x000000008b200000, 0x000000008b200000|100%|HC|  |TAMS 0x000000008b100000, 0x000000008b100000| Complete 
| 178|0x000000008b200000, 0x000000008b300000, 0x000000008b300000|100%|HS|  |TAMS 0x000000008b200000, 0x000000008b200000| Complete 
| 179|0x000000008b300000, 0x000000008b400000, 0x000000008b400000|100%|HC|  |TAMS 0x000000008b300000, 0x000000008b300000| Complete 
| 180|0x000000008b400000, 0x000000008b500000, 0x000000008b500000|100%|HS|  |TAMS 0x000000008b400000, 0x000000008b400000| Complete 
| 181|0x000000008b500000, 0x000000008b600000, 0x000000008b600000|100%|HC|  |TAMS 0x000000008b500000, 0x000000008b500000| Complete 
| 182|0x000000008b600000, 0x000000008b600000, 0x000000008b700000|  0%| F|  |TAMS 0x000000008b600000, 0x000000008b600000| Untracked 
| 183|0x000000008b700000, 0x000000008b700000, 0x000000008b800000|  0%| F|  |TAMS 0x000000008b700000, 0x000000008b700000| Untracked 
| 184|0x000000008b800000, 0x000000008b800000, 0x000000008b900000|  0%| F|  |TAMS 0x000000008b800000, 0x000000008b800000| Untracked 
| 185|0x000000008b900000, 0x000000008b900000, 0x000000008ba00000|  0%| F|  |TAMS 0x000000008b900000, 0x000000008b900000| Untracked 
| 186|0x000000008ba00000, 0x000000008ba00000, 0x000000008bb00000|  0%| F|  |TAMS 0x000000008ba00000, 0x000000008ba00000| Untracked 
| 187|0x000000008bb00000, 0x000000008bb00000, 0x000000008bc00000|  0%| F|  |TAMS 0x000000008bb00000, 0x000000008bb00000| Untracked 
| 188|0x000000008bc00000, 0x000000008bc00000, 0x000000008bd00000|  0%| F|  |TAMS 0x000000008bc00000, 0x000000008bc00000| Untracked 
| 189|0x000000008bd00000, 0x000000008bd00000, 0x000000008be00000|  0%| F|  |TAMS 0x000000008bd00000, 0x000000008bd00000| Untracked 
| 190|0x000000008be00000, 0x000000008bf00000, 0x000000008bf00000|100%| O|  |TAMS 0x000000008bf00000, 0x000000008be00000| Complete 
| 191|0x000000008bf00000, 0x000000008bf00000, 0x000000008c000000|  0%| F|  |TAMS 0x000000008bf00000, 0x000000008bf00000| Untracked 
| 192|0x000000008c000000, 0x000000008c000000, 0x000000008c100000|  0%| F|  |TAMS 0x000000008c000000, 0x000000008c000000| Untracked 
| 193|0x000000008c100000, 0x000000008c200000, 0x000000008c200000|100%| O|  |TAMS 0x000000008c200000, 0x000000008c100000| Complete 
| 194|0x000000008c200000, 0x000000008c300000, 0x000000008c300000|100%| O|  |TAMS 0x000000008c300000, 0x000000008c200000| Untracked 
| 195|0x000000008c300000, 0x000000008c300000, 0x000000008c400000|  0%| F|  |TAMS 0x000000008c300000, 0x000000008c300000| Untracked 
| 196|0x000000008c400000, 0x000000008c400000, 0x000000008c500000|  0%| F|  |TAMS 0x000000008c400000, 0x000000008c400000| Untracked 
| 197|0x000000008c500000, 0x000000008c500000, 0x000000008c600000|  0%| F|  |TAMS 0x000000008c500000, 0x000000008c500000| Untracked 
| 198|0x000000008c600000, 0x000000008c600000, 0x000000008c700000|  0%| F|  |TAMS 0x000000008c600000, 0x000000008c600000| Untracked 
| 199|0x000000008c700000, 0x000000008c700000, 0x000000008c800000|  0%| F|  |TAMS 0x000000008c700000, 0x000000008c700000| Untracked 
| 200|0x000000008c800000, 0x000000008c800000, 0x000000008c900000|  0%| F|  |TAMS 0x000000008c800000, 0x000000008c800000| Untracked 
| 201|0x000000008c900000, 0x000000008c900000, 0x000000008ca00000|  0%| F|  |TAMS 0x000000008c900000, 0x000000008c900000| Untracked 
| 202|0x000000008ca00000, 0x000000008ca00000, 0x000000008cb00000|  0%| F|  |TAMS 0x000000008ca00000, 0x000000008ca00000| Untracked 
| 203|0x000000008cb00000, 0x000000008cb00000, 0x000000008cc00000|  0%| F|  |TAMS 0x000000008cb00000, 0x000000008cb00000| Untracked 
| 204|0x000000008cc00000, 0x000000008cc00000, 0x000000008cd00000|  0%| F|  |TAMS 0x000000008cc00000, 0x000000008cc00000| Untracked 
| 205|0x000000008cd00000, 0x000000008cd00000, 0x000000008ce00000|  0%| F|  |TAMS 0x000000008cd00000, 0x000000008cd00000| Untracked 
| 206|0x000000008ce00000, 0x000000008ce00000, 0x000000008cf00000|  0%| F|  |TAMS 0x000000008ce00000, 0x000000008ce00000| Untracked 
| 207|0x000000008cf00000, 0x000000008cf00000, 0x000000008d000000|  0%| F|  |TAMS 0x000000008cf00000, 0x000000008cf00000| Untracked 
| 208|0x000000008d000000, 0x000000008d000000, 0x000000008d100000|  0%| F|  |TAMS 0x000000008d000000, 0x000000008d000000| Untracked 
| 209|0x000000008d100000, 0x000000008d100000, 0x000000008d200000|  0%| F|  |TAMS 0x000000008d100000, 0x000000008d100000| Untracked 
| 210|0x000000008d200000, 0x000000008d200000, 0x000000008d300000|  0%| F|  |TAMS 0x000000008d200000, 0x000000008d200000| Untracked 
| 211|0x000000008d300000, 0x000000008d300000, 0x000000008d400000|  0%| F|  |TAMS 0x000000008d300000, 0x000000008d300000| Untracked 
| 212|0x000000008d400000, 0x000000008d400000, 0x000000008d500000|  0%| F|  |TAMS 0x000000008d400000, 0x000000008d400000| Untracked 
| 213|0x000000008d500000, 0x000000008d500000, 0x000000008d600000|  0%| F|  |TAMS 0x000000008d500000, 0x000000008d500000| Untracked 
| 214|0x000000008d600000, 0x000000008d600000, 0x000000008d700000|  0%| F|  |TAMS 0x000000008d600000, 0x000000008d600000| Untracked 
| 215|0x000000008d700000, 0x000000008d700000, 0x000000008d800000|  0%| F|  |TAMS 0x000000008d700000, 0x000000008d700000| Untracked 
| 216|0x000000008d800000, 0x000000008d800000, 0x000000008d900000|  0%| F|  |TAMS 0x000000008d800000, 0x000000008d800000| Untracked 
| 217|0x000000008d900000, 0x000000008d900000, 0x000000008da00000|  0%| F|  |TAMS 0x000000008d900000, 0x000000008d900000| Untracked 
| 218|0x000000008da00000, 0x000000008da00000, 0x000000008db00000|  0%| F|  |TAMS 0x000000008da00000, 0x000000008da00000| Untracked 
| 219|0x000000008db00000, 0x000000008db00000, 0x000000008dc00000|  0%| F|  |TAMS 0x000000008db00000, 0x000000008db00000| Untracked 
| 220|0x000000008dc00000, 0x000000008dc00000, 0x000000008dd00000|  0%| F|  |TAMS 0x000000008dc00000, 0x000000008dc00000| Untracked 
| 221|0x000000008dd00000, 0x000000008dd00000, 0x000000008de00000|  0%| F|  |TAMS 0x000000008dd00000, 0x000000008dd00000| Untracked 
| 222|0x000000008de00000, 0x000000008de00000, 0x000000008df00000|  0%| F|  |TAMS 0x000000008de00000, 0x000000008de00000| Untracked 
| 223|0x000000008df00000, 0x000000008df00000, 0x000000008e000000|  0%| F|  |TAMS 0x000000008df00000, 0x000000008df00000| Untracked 
| 224|0x000000008e000000, 0x000000008e000000, 0x000000008e100000|  0%| F|  |TAMS 0x000000008e000000, 0x000000008e000000| Untracked 
| 225|0x000000008e100000, 0x000000008e100000, 0x000000008e200000|  0%| F|  |TAMS 0x000000008e100000, 0x000000008e100000| Untracked 
| 226|0x000000008e200000, 0x000000008e200000, 0x000000008e300000|  0%| F|  |TAMS 0x000000008e200000, 0x000000008e200000| Untracked 
| 227|0x000000008e300000, 0x000000008e300000, 0x000000008e400000|  0%| F|  |TAMS 0x000000008e300000, 0x000000008e300000| Untracked 
| 228|0x000000008e400000, 0x000000008e400000, 0x000000008e500000|  0%| F|  |TAMS 0x000000008e400000, 0x000000008e400000| Untracked 
| 229|0x000000008e500000, 0x000000008e500000, 0x000000008e600000|  0%| F|  |TAMS 0x000000008e500000, 0x000000008e500000| Untracked 
| 230|0x000000008e600000, 0x000000008e600000, 0x000000008e700000|  0%| F|  |TAMS 0x000000008e600000, 0x000000008e600000| Untracked 
| 231|0x000000008e700000, 0x000000008e700000, 0x000000008e800000|  0%| F|  |TAMS 0x000000008e700000, 0x000000008e700000| Untracked 
| 232|0x000000008e800000, 0x000000008e800000, 0x000000008e900000|  0%| F|  |TAMS 0x000000008e800000, 0x000000008e800000| Untracked 
| 233|0x000000008e900000, 0x000000008e900000, 0x000000008ea00000|  0%| F|  |TAMS 0x000000008e900000, 0x000000008e900000| Untracked 
| 234|0x000000008ea00000, 0x000000008ea00000, 0x000000008eb00000|  0%| F|  |TAMS 0x000000008ea00000, 0x000000008ea00000| Untracked 
| 235|0x000000008eb00000, 0x000000008eb00000, 0x000000008ec00000|  0%| F|  |TAMS 0x000000008eb00000, 0x000000008eb00000| Untracked 
| 236|0x000000008ec00000, 0x000000008ec00000, 0x000000008ed00000|  0%| F|  |TAMS 0x000000008ec00000, 0x000000008ec00000| Untracked 
| 237|0x000000008ed00000, 0x000000008ed00000, 0x000000008ee00000|  0%| F|  |TAMS 0x000000008ed00000, 0x000000008ed00000| Untracked 
| 238|0x000000008ee00000, 0x000000008ee00000, 0x000000008ef00000|  0%| F|  |TAMS 0x000000008ee00000, 0x000000008ee00000| Untracked 
| 239|0x000000008ef00000, 0x000000008efa9fb8, 0x000000008f000000| 66%| E|  |TAMS 0x000000008ef00000, 0x000000008ef00000| Complete 
| 240|0x000000008f000000, 0x000000008f100000, 0x000000008f100000|100%| E|CS|TAMS 0x000000008f000000, 0x000000008f000000| Complete 
| 241|0x000000008f100000, 0x000000008f200000, 0x000000008f200000|100%| E|  |TAMS 0x000000008f100000, 0x000000008f100000| Complete 
| 242|0x000000008f200000, 0x000000008f300000, 0x000000008f300000|100%| E|CS|TAMS 0x000000008f200000, 0x000000008f200000| Complete 
| 243|0x000000008f300000, 0x000000008f400000, 0x000000008f400000|100%| E|CS|TAMS 0x000000008f300000, 0x000000008f300000| Complete 
| 244|0x000000008f400000, 0x000000008f500000, 0x000000008f500000|100%| E|CS|TAMS 0x000000008f400000, 0x000000008f400000| Complete 
| 245|0x000000008f500000, 0x000000008f600000, 0x000000008f600000|100%| E|CS|TAMS 0x000000008f500000, 0x000000008f500000| Complete 
| 246|0x000000008f600000, 0x000000008f700000, 0x000000008f700000|100%| E|CS|TAMS 0x000000008f600000, 0x000000008f600000| Complete 
| 247|0x000000008f700000, 0x000000008f800000, 0x000000008f800000|100%| E|CS|TAMS 0x000000008f700000, 0x000000008f700000| Complete 
| 248|0x000000008f800000, 0x000000008f817080, 0x000000008f900000|  8%| S|CS|TAMS 0x000000008f800000, 0x000000008f800000| Complete 
| 249|0x000000008f900000, 0x000000008fa00000, 0x000000008fa00000|100%| S|CS|TAMS 0x000000008f900000, 0x000000008f900000| Complete 
| 250|0x000000008fa00000, 0x000000008fb00000, 0x000000008fb00000|100%| E|CS|TAMS 0x000000008fa00000, 0x000000008fa00000| Complete 
| 251|0x000000008fb00000, 0x000000008fc00000, 0x000000008fc00000|100%| E|CS|TAMS 0x000000008fb00000, 0x000000008fb00000| Complete 
| 252|0x000000008fc00000, 0x000000008fd00000, 0x000000008fd00000|100%| E|CS|TAMS 0x000000008fc00000, 0x000000008fc00000| Complete 
| 253|0x000000008fd00000, 0x000000008fe00000, 0x000000008fe00000|100%| E|CS|TAMS 0x000000008fd00000, 0x000000008fd00000| Complete 
| 254|0x000000008fe00000, 0x000000008ff00000, 0x000000008ff00000|100%| E|CS|TAMS 0x000000008fe00000, 0x000000008fe00000| Complete 
| 255|0x000000008ff00000, 0x0000000090000000, 0x0000000090000000|100%| E|CS|TAMS 0x000000008ff00000, 0x000000008ff00000| Complete 
| 256|0x0000000090000000, 0x0000000090100000, 0x0000000090100000|100%| E|CS|TAMS 0x0000000090000000, 0x0000000090000000| Complete 
| 257|0x0000000090100000, 0x0000000090200000, 0x0000000090200000|100%| E|CS|TAMS 0x0000000090100000, 0x0000000090100000| Complete 
| 258|0x0000000090200000, 0x0000000090300000, 0x0000000090300000|100%| E|CS|TAMS 0x0000000090200000, 0x0000000090200000| Complete 
| 259|0x0000000090300000, 0x0000000090400000, 0x0000000090400000|100%| E|CS|TAMS 0x0000000090300000, 0x0000000090300000| Complete 
| 260|0x0000000090400000, 0x0000000090500000, 0x0000000090500000|100%| E|CS|TAMS 0x0000000090400000, 0x0000000090400000| Complete 
| 261|0x0000000090500000, 0x0000000090600000, 0x0000000090600000|100%| E|CS|TAMS 0x0000000090500000, 0x0000000090500000| Complete 
| 262|0x0000000090600000, 0x0000000090700000, 0x0000000090700000|100%| E|CS|TAMS 0x0000000090600000, 0x0000000090600000| Complete 
| 263|0x0000000090700000, 0x0000000090800000, 0x0000000090800000|100%| E|CS|TAMS 0x0000000090700000, 0x0000000090700000| Complete 
| 264|0x0000000090800000, 0x0000000090900000, 0x0000000090900000|100%| E|CS|TAMS 0x0000000090800000, 0x0000000090800000| Complete 
| 265|0x0000000090900000, 0x0000000090a00000, 0x0000000090a00000|100%| E|CS|TAMS 0x0000000090900000, 0x0000000090900000| Complete 

Card table byte_map: [0x00000180dc6a0000,0x00000180dcaa0000] _byte_map_base: 0x00000180dc2a0000

Marking Bits (Prev, Next): (CMBitMap*) 0x00000180c947def8, (CMBitMap*) 0x00000180c947df30
 Prev Bits: [0x00000180dcea0000, 0x00000180deea0000)
 Next Bits: [0x00000180deea0000, 0x00000180e0ea0000)

Polling page: 0x00000180c73b0000

Metaspace:

Usage:
  Non-class:    125.65 MB capacity,   123.02 MB ( 98%) used,     2.13 MB (  2%) free+waste,   508.06 KB ( <1%) overhead. 
      Class:     19.21 MB capacity,    17.64 MB ( 92%) used,     1.35 MB (  7%) free+waste,   228.00 KB (  1%) overhead. 
       Both:    144.85 MB capacity,   140.66 MB ( 97%) used,     3.48 MB (  2%) free+waste,   736.06 KB ( <1%) overhead. 

Virtual space:
  Non-class space:      128.00 MB reserved,     126.61 MB ( 99%) committed 
      Class space:        1.00 GB reserved,      19.75 MB (  2%) committed 
             Both:        1.13 GB reserved,     146.36 MB ( 13%) committed 

Chunk freelists:
   Non-Class:  862.00 KB
       Class:  556.00 KB
        Both:  1.38 MB

MaxMetaspaceSize: 17179869184.00 GB
CompressedClassSpaceSize: 1.00 GB
Initial GC threshold: 20.80 MB
Current GC threshold: 243.94 MB
CDS: off

CodeHeap 'non-profiled nmethods': size=120000Kb used=16483Kb max_used=16483Kb free=103516Kb
 bounds [0x00000180d4a30000, 0x00000180d5a50000, 0x00000180dbf60000]
CodeHeap 'profiled nmethods': size=120000Kb used=44088Kb max_used=44088Kb free=75911Kb
 bounds [0x00000180cd500000, 0x00000180d0020000, 0x00000180d4a30000]
CodeHeap 'non-nmethods': size=5760Kb used=2488Kb max_used=2548Kb free=3271Kb
 bounds [0x00000180ccf60000, 0x00000180cd1f0000, 0x00000180cd500000]
 total_blobs=21342 nmethods=20320 adapters=933
 compilation: enabled
              stopped_count=0, restarted_count=0
 full_count=0

Compilation events (20 events):
Event: 4919.183 Thread 0x00000180e41dd800 nmethod 22395 0x00000180d000df10 code [0x00000180d000e0c0, 0x00000180d000e338]
Event: 4919.184 Thread 0x00000180e41dd800 22396       3       org.gradle.api.internal.artifacts.ivyservice.resolveengine.artifact.ResolvedArtifactsGraphVisitor$ArtifactsForNode::<init> (15 bytes)
Event: 4919.184 Thread 0x00000180e41dd800 nmethod 22396 0x00000180d000e410 code [0x00000180d000e5c0, 0x00000180d000e778]
Event: 4919.205 Thread 0x00000180e41dd800 22398       1       org.gradle.cache.PersistentIndexedCacheParameters::getKeySerializer (5 bytes)
Event: 4919.205 Thread 0x00000180e41dd800 nmethod 22398 0x00000180d5a47310 code [0x00000180d5a474c0, 0x00000180d5a47578]
Event: 4919.205 Thread 0x00000180e41dd800 22399       1       org.gradle.cache.PersistentIndexedCacheParameters::getValueSerializer (5 bytes)
Event: 4919.205 Thread 0x00000180e41dd800 nmethod 22399 0x00000180d5a47610 code [0x00000180d5a477c0, 0x00000180d5a47878]
Event: 4919.206 Thread 0x00000180ecd98000 22393       4       org.gradle.api.internal.artifacts.ivyservice.resolveengine.result.ComponentSelectionReasons$DefaultComponentSelectionReason::<init> (56 bytes)
Event: 4919.210 Thread 0x00000180e41dd800 22400       3       org.gradle.cache.internal.btree.FileBackedBlockStore::attach (21 bytes)
Event: 4919.210 Thread 0x00000180e41dd800 nmethod 22400 0x00000180d000e810 code [0x00000180d000ea00, 0x00000180d000f018]
Event: 4919.220 Thread 0x00000180ecd98000 nmethod 22393 0x00000180d5a47910 code [0x00000180d5a47ae0, 0x00000180d5a48068]
Event: 4919.220 Thread 0x00000180ecd98000 22391       4       org.gradle.internal.Describables$FixedDescribable::getDisplayName (41 bytes)
Event: 4919.226 Thread 0x00000180ecd98000 nmethod 22391 0x00000180d5a48390 code [0x00000180d5a48560, 0x00000180d5a48818]
Event: 4919.226 Thread 0x00000180ecd98000 22397       4       org.gradle.internal.component.external.model.DefaultModuleComponentArtifactMetadata::getName (8 bytes)
Event: 4919.227 Thread 0x00000180ecd98000 nmethod 22397 0x00000180d5a48a10 code [0x00000180d5a48ba0, 0x00000180d5a48c18]
Event: 4919.227 Thread 0x00000180ecd98000 22385       4       org.gradle.api.internal.artifacts.ivyservice.resolveengine.graph.builder.ModuleResolveState::getVersion (59 bytes)
Event: 4919.237 Thread 0x00000180e41dd800 22402   !   3       org.gradle.internal.resources.AbstractTrackedResourceLock::unlock (78 bytes)
Event: 4919.239 Thread 0x00000180e41dd800 nmethod 22402 0x00000180d000f190 code [0x00000180d000f4a0, 0x00000180d0010608]
Event: 4919.243 Thread 0x00000180e41dd800 22404       3       org.gradle.internal.work.DefaultWorkerLeaseService$DefaultWorkerLease::releaseLock (73 bytes)
Event: 4919.246 Thread 0x00000180e41dd800 nmethod 22404 0x00000180d0010d10 code [0x00000180d0011020, 0x00000180d0012318]

GC Heap History (20 events):
Event: 3593.545 GC heap before
{Heap before GC invocations=97 (full 0):
 garbage-first heap   total 272384K, used 210389K [0x0000000080000000, 0x0000000100000000)
  region size 1024K, 30 young (30720K), 2 survivors (2048K)
 Metaspace       used 124066K, capacity 127816K, committed 128116K, reserved 1161216K
  class space    used 15220K, capacity 16538K, committed 16640K, reserved 1048576K
}
Event: 3593.550 GC heap after
{Heap after GC invocations=98 (full 0):
 garbage-first heap   total 272384K, used 183201K [0x0000000080000000, 0x0000000100000000)
  region size 1024K, 3 young (3072K), 3 survivors (3072K)
 Metaspace       used 124066K, capacity 127816K, committed 128116K, reserved 1161216K
  class space    used 15220K, capacity 16538K, committed 16640K, reserved 1048576K
}
Event: 4726.733 GC heap before
{Heap before GC invocations=99 (full 0):
 garbage-first heap   total 272384K, used 213921K [0x0000000080000000, 0x0000000100000000)
  region size 1024K, 33 young (33792K), 3 survivors (3072K)
 Metaspace       used 124093K, capacity 127817K, committed 128116K, reserved 1161216K
  class space    used 15220K, capacity 16538K, committed 16640K, reserved 1048576K
}
Event: 4726.738 GC heap after
{Heap after GC invocations=100 (full 0):
 garbage-first heap   total 272384K, used 171999K [0x0000000080000000, 0x0000000100000000)
  region size 1024K, 2 young (2048K), 2 survivors (2048K)
 Metaspace       used 124093K, capacity 127817K, committed 128116K, reserved 1161216K
  class space    used 15220K, capacity 16538K, committed 16640K, reserved 1048576K
}
Event: 4727.135 GC heap before
{Heap before GC invocations=100 (full 0):
 garbage-first heap   total 272384K, used 182239K [0x0000000080000000, 0x0000000100000000)
  region size 1024K, 13 young (13312K), 2 survivors (2048K)
 Metaspace       used 124096K, capacity 127817K, committed 128116K, reserved 1161216K
  class space    used 15220K, capacity 16538K, committed 16640K, reserved 1048576K
}
Event: 4727.145 GC heap after
{Heap after GC invocations=101 (full 0):
 garbage-first heap   total 272384K, used 160198K [0x0000000080000000, 0x0000000100000000)
  region size 1024K, 2 young (2048K), 2 survivors (2048K)
 Metaspace       used 124096K, capacity 127817K, committed 128116K, reserved 1161216K
  class space    used 15220K, capacity 16538K, committed 16640K, reserved 1048576K
}
Event: 4727.672 GC heap before
{Heap before GC invocations=101 (full 0):
 garbage-first heap   total 272384K, used 202182K [0x0000000080000000, 0x0000000100000000)
  region size 1024K, 44 young (45056K), 2 survivors (2048K)
 Metaspace       used 124632K, capacity 128492K, committed 128628K, reserved 1161216K
  class space    used 15282K, capacity 16633K, committed 16640K, reserved 1048576K
}
Event: 4727.684 GC heap after
{Heap after GC invocations=102 (full 0):
 garbage-first heap   total 272384K, used 165178K [0x0000000080000000, 0x0000000100000000)
  region size 1024K, 6 young (6144K), 6 survivors (6144K)
 Metaspace       used 124632K, capacity 128492K, committed 128628K, reserved 1161216K
  class space    used 15282K, capacity 16633K, committed 16640K, reserved 1048576K
}
Event: 4728.568 GC heap before
{Heap before GC invocations=103 (full 0):
 garbage-first heap   total 272384K, used 209210K [0x0000000080000000, 0x0000000100000000)
  region size 1024K, 48 young (49152K), 6 survivors (6144K)
 Metaspace       used 130112K, capacity 133738K, committed 134516K, reserved 1167360K
  class space    used 15942K, capacity 17235K, committed 17408K, reserved 1048576K
}
Event: 4728.583 GC heap after
{Heap after GC invocations=104 (full 0):
 garbage-first heap   total 272384K, used 173325K [0x0000000080000000, 0x0000000100000000)
  region size 1024K, 6 young (6144K), 6 survivors (6144K)
 Metaspace       used 130112K, capacity 133738K, committed 134516K, reserved 1167360K
  class space    used 15942K, capacity 17235K, committed 17408K, reserved 1048576K
}
Event: 4729.033 GC heap before
{Heap before GC invocations=104 (full 0):
 garbage-first heap   total 272384K, used 180493K [0x0000000080000000, 0x0000000100000000)
  region size 1024K, 13 young (13312K), 6 survivors (6144K)
 Metaspace       used 130157K, capacity 133837K, committed 134516K, reserved 1167360K
  class space    used 15944K, capacity 17268K, committed 17408K, reserved 1048576K
}
Event: 4729.045 GC heap after
{Heap after GC invocations=105 (full 0):
 garbage-first heap   total 272384K, used 168432K [0x0000000080000000, 0x0000000100000000)
  region size 1024K, 2 young (2048K), 2 survivors (2048K)
 Metaspace       used 130157K, capacity 133837K, committed 134516K, reserved 1167360K
  class space    used 15944K, capacity 17268K, committed 17408K, reserved 1048576K
}
Event: 4730.089 GC heap before
{Heap before GC invocations=105 (full 0):
 garbage-first heap   total 272384K, used 210416K [0x0000000080000000, 0x0000000100000000)
  region size 1024K, 44 young (45056K), 2 survivors (2048K)
 Metaspace       used 132437K, capacity 136117K, committed 136564K, reserved 1169408K
  class space    used 16219K, capacity 17551K, committed 17664K, reserved 1048576K
}
Event: 4730.099 GC heap after
{Heap after GC invocations=106 (full 0):
 garbage-first heap   total 272384K, used 173713K [0x0000000080000000, 0x0000000100000000)
  region size 1024K, 6 young (6144K), 6 survivors (6144K)
 Metaspace       used 132437K, capacity 136117K, committed 136564K, reserved 1169408K
  class space    used 16219K, capacity 17551K, committed 17664K, reserved 1048576K
}
Event: 4730.957 GC heap before
{Heap before GC invocations=107 (full 0):
 garbage-first heap   total 272384K, used 215696K [0x0000000080000000, 0x0000000100000000)
  region size 1024K, 48 young (49152K), 6 survivors (6144K)
 Metaspace       used 142130K, capacity 146649K, committed 146932K, reserved 1177600K
  class space    used 17782K, capacity 19498K, committed 19584K, reserved 1048576K
}
Event: 4730.966 GC heap after
{Heap after GC invocations=108 (full 0):
 garbage-first heap   total 272384K, used 175357K [0x0000000080000000, 0x0000000100000000)
  region size 1024K, 3 young (3072K), 3 survivors (3072K)
 Metaspace       used 142130K, capacity 146649K, committed 146932K, reserved 1177600K
  class space    used 17782K, capacity 19498K, committed 19584K, reserved 1048576K
}
Event: 4731.346 GC heap before
{Heap before GC invocations=108 (full 0):
 garbage-first heap   total 272384K, used 184573K [0x0000000080000000, 0x0000000100000000)
  region size 1024K, 13 young (13312K), 3 survivors (3072K)
 Metaspace       used 143541K, capacity 148286K, committed 148596K, reserved 1177600K
  class space    used 18044K, capacity 19873K, committed 19968K, reserved 1048576K
}
Event: 4731.360 GC heap after
{Heap after GC invocations=109 (full 0):
 garbage-first heap   total 272384K, used 166191K [0x0000000080000000, 0x0000000100000000)
  region size 1024K, 1 young (1024K), 1 survivors (1024K)
 Metaspace       used 143541K, capacity 148286K, committed 148596K, reserved 1177600K
  class space    used 18044K, capacity 19873K, committed 19968K, reserved 1048576K
}
Event: 4731.612 GC heap before
{Heap before GC invocations=109 (full 0):
 garbage-first heap   total 272384K, used 179503K [0x0000000080000000, 0x0000000100000000)
  region size 1024K, 16 young (16384K), 1 survivors (1024K)
 Metaspace       used 144839K, capacity 149604K, committed 149876K, reserved 1179648K
  class space    used 18351K, capacity 20163K, committed 20224K, reserved 1048576K
}
Event: 4731.619 GC heap after
{Heap after GC invocations=110 (full 0):
 garbage-first heap   total 272384K, used 166602K [0x0000000080000000, 0x0000000100000000)
  region size 1024K, 2 young (2048K), 2 survivors (2048K)
 Metaspace       used 144839K, capacity 149604K, committed 149876K, reserved 1179648K
  class space    used 18351K, capacity 20163K, committed 20224K, reserved 1048576K
}

Deoptimization events (20 events):
Event: 4731.176 Thread 0x00000180e4246000 Uncommon trap: trap_request=0xffffffc6 fr.pc=0x00000180d565474c relative=0x000000000000318c
Event: 4731.176 Thread 0x00000180e4246000 Uncommon trap: reason=bimorphic_or_optimized_type_check action=maybe_recompile pc=0x00000180d565474c method=org.gradle.internal.snapshot.impl.AbstractValueProcessor.processValue(Ljava/lang/Object;Lorg/gradle/internal/snapshot/impl/AbstractValueProcessor$V
Event: 4731.176 Thread 0x00000180e4246000 DEOPT PACKING pc=0x00000180d565474c sp=0x00000022639fad20
Event: 4731.176 Thread 0x00000180e4246000 DEOPT UNPACKING pc=0x00000180ccfaa1af sp=0x00000022639fad20 mode 2
Event: 4731.204 Thread 0x00000180ef487800 Uncommon trap: trap_request=0xffffff4d fr.pc=0x00000180d4d4bf88 relative=0x00000000000006a8
Event: 4731.204 Thread 0x00000180ef487800 Uncommon trap: reason=unstable_if action=reinterpret pc=0x00000180d4d4bf88 method=java.lang.String.regionMatches(ZILjava/lang/String;II)Z @ 21 c2
Event: 4731.204 Thread 0x00000180ef487800 DEOPT PACKING pc=0x00000180d4d4bf88 sp=0x0000002264afda40
Event: 4731.204 Thread 0x00000180ef487800 DEOPT UNPACKING pc=0x00000180ccfaa1af sp=0x0000002264afd9c0 mode 2
Event: 4731.251 Thread 0x00000180ef487800 Uncommon trap: trap_request=0xffffff4d fr.pc=0x00000180d5610b7c relative=0x00000000000006fc
Event: 4731.251 Thread 0x00000180ef487800 Uncommon trap: reason=unstable_if action=reinterpret pc=0x00000180d5610b7c method=java.io.File.getParent()Ljava/lang/String; @ 23 c2
Event: 4731.252 Thread 0x00000180ef487800 DEOPT PACKING pc=0x00000180d5610b7c sp=0x0000002264afe000
Event: 4731.252 Thread 0x00000180ef487800 DEOPT UNPACKING pc=0x00000180ccfaa1af sp=0x0000002264afdfd8 mode 2
Event: 4731.837 Thread 0x00000180f2062800 Uncommon trap: trap_request=0xffffff4d fr.pc=0x00000180d504f6b0 relative=0x0000000000000070
Event: 4731.837 Thread 0x00000180f2062800 Uncommon trap: reason=unstable_if action=reinterpret pc=0x00000180d504f6b0 method=org.gradle.internal.logging.slf4j.OutputEventListenerBackedLogger.isLevelAtMost(Lorg/gradle/api/logging/LogLevel;)Z @ 11 c2
Event: 4731.837 Thread 0x00000180f2062800 DEOPT PACKING pc=0x00000180d504f6b0 sp=0x000000225bdfe330
Event: 4731.837 Thread 0x00000180f2062800 DEOPT UNPACKING pc=0x00000180ccfaa1af sp=0x000000225bdfe2c0 mode 2
Event: 4918.944 Thread 0x00000180e423f000 Uncommon trap: trap_request=0xffffff4d fr.pc=0x00000180d58fa754 relative=0x0000000000000b94
Event: 4918.944 Thread 0x00000180e423f000 Uncommon trap: reason=unstable_if action=reinterpret pc=0x00000180d58fa754 method=org.gradle.internal.logging.sink.OutputEventRenderer.onOutput(Lorg/gradle/internal/logging/events/OutputEvent;)V @ 24 c2
Event: 4918.944 Thread 0x00000180e423f000 DEOPT PACKING pc=0x00000180d58fa754 sp=0x000000225c2fec00
Event: 4918.944 Thread 0x00000180e423f000 DEOPT UNPACKING pc=0x00000180ccfaa1af sp=0x000000225c2feaf0 mode 2

Classes redefined (0 events):
No events

Internal exceptions (20 events):
Event: 4730.933 Thread 0x00000180ef486800 Exception <a 'java/lang/NoSuchMethodError'{0x000000008e15b020}: 'java.lang.Object java.lang.invoke.Invokers$Holder.linkToTargetMethod(java.lang.Object, int, java.lang.Object, java.lang.Object, java.lang.Object, java.lang.Object)'> (0x000000008e15b020) thrown at [./src/hotspot/share/interpreter/linkResolver.cpp, line 773]
Event: 4730.933 Thread 0x00000180ef488000 Exception <a 'java/lang/NoSuchMethodError'{0x000000008e15d728}: 'java.lang.Object java.lang.invoke.Invokers$Holder.linkToTargetMethod(java.lang.Object, int, java.lang.Object, java.lang.Object, java.lang.Object, java.lang.Object)'> (0x000000008e15d728) thrown at [./src/hotspot/share/interpreter/linkResolver.cpp, line 773]
Event: 4730.939 Thread 0x00000180ef486800 Exception <a 'java/lang/NoSuchMethodError'{0x000000008e19a068}: 'void java.lang.invoke.DirectMethodHandle$Holder.invokeStatic(java.lang.Object, java.lang.Object, java.lang.Object, java.lang.Object, java.lang.Object, java.lang.Object, java.lang.Object, java.lang.Object)'> (0x000000008e19a068) thrown at [./src/hotspot/share/interpreter/linkResolver.cpp, line 773]
Event: 4730.939 Thread 0x00000180ef488000 Exception <a 'java/lang/NoSuchMethodError'{0x000000008e1a2df8}: 'void java.lang.invoke.DirectMethodHandle$Holder.invokeStatic(java.lang.Object, java.lang.Object, java.lang.Object, java.lang.Object, java.lang.Object, java.lang.Object, java.lang.Object, java.lang.Object)'> (0x000000008e1a2df8) thrown at [./src/hotspot/share/interpreter/linkResolver.cpp, line 773]
Event: 4731.011 Thread 0x00000180ef488000 Exception <a 'java/lang/IncompatibleClassChangeError'{0x00000000907470f0}: Found class java.lang.Object, but interface was expected> (0x00000000907470f0) thrown at [./src/hotspot/share/interpreter/linkResolver.cpp, line 839]
Event: 4731.011 Thread 0x00000180ef486800 Exception <a 'java/lang/IncompatibleClassChangeError'{0x000000009074e350}: Found class java.lang.Object, but interface was expected> (0x000000009074e350) thrown at [./src/hotspot/share/interpreter/linkResolver.cpp, line 839]
Event: 4731.011 Thread 0x00000180ef489800 Exception <a 'java/lang/IncompatibleClassChangeError'{0x000000009074c078}: Found class java.lang.Object, but interface was expected> (0x000000009074c078) thrown at [./src/hotspot/share/interpreter/linkResolver.cpp, line 839]
Event: 4731.050 Thread 0x00000180ef486800 Exception <a 'java/lang/NoSuchMethodError'{0x00000000905c0130}: 'void java.lang.invoke.DirectMethodHandle$Holder.invokeSpecial(java.lang.Object, java.lang.Object, int)'> (0x00000000905c0130) thrown at [./src/hotspot/share/interpreter/linkResolver.cpp, line 773]
Event: 4731.050 Thread 0x00000180ef489800 Exception <a 'java/lang/NoSuchMethodError'{0x00000000905bd9f8}: 'void java.lang.invoke.DirectMethodHandle$Holder.invokeSpecial(java.lang.Object, java.lang.Object, int)'> (0x00000000905bd9f8) thrown at [./src/hotspot/share/interpreter/linkResolver.cpp, line 773]
Event: 4731.050 Thread 0x00000180ef488000 Exception <a 'java/lang/NoSuchMethodError'{0x00000000905b4bb8}: 'void java.lang.invoke.DirectMethodHandle$Holder.invokeSpecial(java.lang.Object, java.lang.Object, int)'> (0x00000000905b4bb8) thrown at [./src/hotspot/share/interpreter/linkResolver.cpp, line 773]
Event: 4731.074 Thread 0x00000180ef486800 Exception <a 'sun/nio/fs/WindowsException'{0x00000000903149c0}> (0x00000000903149c0) thrown at [./src/hotspot/share/prims/jni.cpp, line 616]
Event: 4731.074 Thread 0x00000180ef489800 Exception <a 'sun/nio/fs/WindowsException'{0x000000009030dda0}> (0x000000009030dda0) thrown at [./src/hotspot/share/prims/jni.cpp, line 616]
Event: 4731.074 Thread 0x00000180ef488000 Exception <a 'sun/nio/fs/WindowsException'{0x00000000903057f0}> (0x00000000903057f0) thrown at [./src/hotspot/share/prims/jni.cpp, line 616]
Event: 4731.078 Thread 0x00000180ef489800 Exception <a 'sun/nio/fs/WindowsException'{0x00000000903726f0}> (0x00000000903726f0) thrown at [./src/hotspot/share/prims/jni.cpp, line 616]
Event: 4731.384 Thread 0x00000180ef485800 Exception <a 'sun/nio/fs/WindowsException'{0x0000000090822998}> (0x0000000090822998) thrown at [./src/hotspot/share/prims/jni.cpp, line 616]
Event: 4731.478 Thread 0x00000180ef485800 Exception <a 'sun/nio/fs/WindowsException'{0x00000000903967a8}> (0x00000000903967a8) thrown at [./src/hotspot/share/prims/jni.cpp, line 616]
Event: 4731.650 Thread 0x00000180ef48a800 Exception <a 'java/lang/NoSuchMethodError'{0x00000000909b89b0}: 'java.lang.Object java.lang.invoke.DirectMethodHandle$Holder.invokeVirtual(java.lang.Object, java.lang.Object, int)'> (0x00000000909b89b0) thrown at [./src/hotspot/share/interpreter/linkResolver.cpp, line 773]
Event: 4731.719 Thread 0x00000180f2063000 Exception <a 'sun/nio/fs/WindowsException'{0x00000000908ad340}> (0x00000000908ad340) thrown at [./src/hotspot/share/prims/jni.cpp, line 616]
Event: 4731.719 Thread 0x00000180f2063000 Exception <a 'sun/nio/fs/WindowsException'{0x00000000908ad3c0}> (0x00000000908ad3c0) thrown at [./src/hotspot/share/prims/jni.cpp, line 616]
Event: 4731.720 Thread 0x00000180f2063000 Exception <a 'sun/nio/fs/WindowsException'{0x00000000908aecd8}> (0x00000000908aecd8) thrown at [./src/hotspot/share/prims/jni.cpp, line 616]

Events (20 events):
Event: 4919.205 Thread 0x00000180ecd98000 Thread added: 0x00000180ecd98000
Event: 4919.218 Thread 0x00000180ef489800 Thread added: 0x00000180ef489800
Event: 4919.219 Thread 0x00000180ef485000 Thread added: 0x00000180ef485000
Event: 4919.219 Thread 0x00000180ef485800 Thread added: 0x00000180ef485800
Event: 4919.219 Thread 0x00000180ef48c000 Thread added: 0x00000180ef48c000
Event: 4919.219 Thread 0x00000180ef489000 Thread added: 0x00000180ef489000
Event: 4919.219 Thread 0x00000180ef488000 Thread added: 0x00000180ef488000
Event: 4919.219 Thread 0x00000180ef48e800 Thread added: 0x00000180ef48e800
Event: 4919.220 Thread 0x00000180ef492800 Thread added: 0x00000180ef492800
Event: 4919.220 Thread 0x00000180ef48f800 Thread added: 0x00000180ef48f800
Event: 4919.220 Thread 0x00000180ef490800 Thread added: 0x00000180ef490800
Event: 4919.221 Thread 0x00000180ef491000 Thread added: 0x00000180ef491000
Event: 4919.221 Thread 0x00000180ef48d000 Thread added: 0x00000180ef48d000
Event: 4919.221 Thread 0x00000180ef493800 Thread added: 0x00000180ef493800
Event: 4919.221 Thread 0x00000180e69de800 Thread added: 0x00000180e69de800
Event: 4919.221 Thread 0x00000180e69df800 Thread added: 0x00000180e69df800
Event: 4919.222 Thread 0x00000180e69d9800 Thread added: 0x00000180e69d9800
Event: 4919.223 Thread 0x00000180e69e6800 Thread added: 0x00000180e69e6800
Event: 4919.224 Thread 0x00000180e69e2800 Thread added: 0x00000180e69e2800
Event: 4919.225 Thread 0x00000180e69e3800 Thread added: 0x00000180e69e3800


Dynamic libraries:
0x00007ff6e74c0000 - 0x00007ff6e74ca000 	C:\Program Files\Android\jre\bin\java.exe
0x00007ff90b1d0000 - 0x00007ff90b3c5000 	C:\WINDOWS\SYSTEM32\ntdll.dll
0x00007ff909790000 - 0x00007ff90984d000 	C:\WINDOWS\System32\KERNEL32.DLL
0x00007ff908910000 - 0x00007ff908bd8000 	C:\WINDOWS\System32\KERNELBASE.dll
0x00007ff908f90000 - 0x00007ff909090000 	C:\WINDOWS\System32\ucrtbase.dll
0x00007ff8f3d20000 - 0x00007ff8f3d39000 	C:\Program Files\Android\jre\bin\jli.dll
0x00007ff909a70000 - 0x00007ff909c10000 	C:\WINDOWS\System32\USER32.dll
0x00007ff908f60000 - 0x00007ff908f82000 	C:\WINDOWS\System32\win32u.dll
0x00007ff90a130000 - 0x00007ff90a15a000 	C:\WINDOWS\System32\GDI32.dll
0x00007ff908c30000 - 0x00007ff908d3b000 	C:\WINDOWS\System32\gdi32full.dll
0x00007ff909090000 - 0x00007ff90912d000 	C:\WINDOWS\System32\msvcp_win.dll
0x00007ff8ee2d0000 - 0x00007ff8ee2e7000 	C:\Program Files\Android\jre\bin\VCRUNTIME140.dll
0x00007ff8f8b40000 - 0x00007ff8f8dda000 	C:\WINDOWS\WinSxS\amd64_microsoft.windows.common-controls_6595b64144ccf1df_6.0.19041.1052_none_60b8f8fd71f5e8cb\COMCTL32.dll
0x00007ff909600000 - 0x00007ff90969e000 	C:\WINDOWS\System32\msvcrt.dll
0x00007ff90a890000 - 0x00007ff90a8c0000 	C:\WINDOWS\System32\IMM32.DLL
0x00007ff8d7e90000 - 0x00007ff8d7f2d000 	C:\Program Files\Android\jre\bin\msvcp140.dll
0x00007ff8d0d20000 - 0x00007ff8d1822000 	C:\Program Files\Android\jre\bin\server\jvm.dll
0x00007ff90a160000 - 0x00007ff90a20c000 	C:\WINDOWS\System32\ADVAPI32.dll
0x00007ff909d30000 - 0x00007ff909dcb000 	C:\WINDOWS\System32\sechost.dll
0x00007ff90a290000 - 0x00007ff90a3bb000 	C:\WINDOWS\System32\RPCRT4.dll
0x00007ff909780000 - 0x00007ff909788000 	C:\WINDOWS\System32\PSAPI.DLL
0x00007ff8f6140000 - 0x00007ff8f6149000 	C:\WINDOWS\SYSTEM32\WSOCK32.dll
0x00007ff909cc0000 - 0x00007ff909d2b000 	C:\WINDOWS\System32\WS2_32.dll
0x00007ff8fc4a0000 - 0x00007ff8fc4c7000 	C:\WINDOWS\SYSTEM32\WINMM.dll
0x00007ff902ab0000 - 0x00007ff902aba000 	C:\WINDOWS\SYSTEM32\VERSION.dll
0x00007ff906840000 - 0x00007ff906852000 	C:\WINDOWS\SYSTEM32\kernel.appcore.dll
0x00007ff902830000 - 0x00007ff902841000 	C:\Program Files\Android\jre\bin\verify.dll
0x00007ff8f42c0000 - 0x00007ff8f44a4000 	C:\WINDOWS\SYSTEM32\DBGHELP.DLL
0x00007ff8f4290000 - 0x00007ff8f42bc000 	C:\WINDOWS\SYSTEM32\dbgcore.DLL
0x00007ff908ed0000 - 0x00007ff908f53000 	C:\WINDOWS\System32\bcryptPrimitives.dll
0x00007ff902800000 - 0x00007ff902829000 	C:\Program Files\Android\jre\bin\java.dll
0x00007ff903f90000 - 0x00007ff903f9b000 	C:\Program Files\Android\jre\bin\jimage.dll
0x00007ff9017a0000 - 0x00007ff9017b8000 	C:\Program Files\Android\jre\bin\zip.dll
0x00007ff90a8c0000 - 0x00007ff90afff000 	C:\WINDOWS\System32\SHELL32.dll
0x00007ff906a40000 - 0x00007ff9071d0000 	C:\WINDOWS\SYSTEM32\windows.storage.dll
0x00007ff909dd0000 - 0x00007ff90a125000 	C:\WINDOWS\System32\combase.dll
0x00007ff908380000 - 0x00007ff9083ac000 	C:\WINDOWS\SYSTEM32\Wldp.dll
0x00007ff90b000000 - 0x00007ff90b0ae000 	C:\WINDOWS\System32\SHCORE.dll
0x00007ff90b0b0000 - 0x00007ff90b105000 	C:\WINDOWS\System32\shlwapi.dll
0x00007ff908850000 - 0x00007ff90886f000 	C:\WINDOWS\SYSTEM32\profapi.dll
0x00007ff8f84b0000 - 0x00007ff8f84ca000 	C:\Program Files\Android\jre\bin\net.dll
0x00007ff902f30000 - 0x00007ff90303b000 	C:\WINDOWS\SYSTEM32\WINHTTP.dll
0x00007ff9080f0000 - 0x00007ff90815a000 	C:\WINDOWS\system32\mswsock.dll
0x00007ff8f7470000 - 0x00007ff8f7484000 	C:\Program Files\Android\jre\bin\nio.dll
0x00007ff8e1010000 - 0x00007ff8e1037000 	C:\Users\Asus\Downloads\native\e1d6ef7f7dcc3fd88c89a11ec53ec762bb8ba0a96d01ffa2cd45eb1d1d8dd5c5\windows-amd64\native-platform.dll
0x00007ff8d4960000 - 0x00007ff8d4aa4000 	C:\Users\Asus\Downloads\native\0d407fdbe67a94daf76414ababcb853783967236a71b16ec16e742cd7a986fd3\windows-amd64\native-platform-file-events.dll
0x00007ff903b10000 - 0x00007ff903b1a000 	C:\Program Files\Android\jre\bin\management.dll
0x00007ff903330000 - 0x00007ff90333d000 	C:\Program Files\Android\jre\bin\management_ext.dll
0x00007ff9082c0000 - 0x00007ff9082d8000 	C:\WINDOWS\SYSTEM32\CRYPTSP.dll
0x00007ff907a20000 - 0x00007ff907a54000 	C:\WINDOWS\system32\rsaenh.dll
0x00007ff908d40000 - 0x00007ff908d67000 	C:\WINDOWS\System32\bcrypt.dll
0x00007ff9087d0000 - 0x00007ff9087fe000 	C:\WINDOWS\SYSTEM32\USERENV.dll
0x00007ff9082e0000 - 0x00007ff9082ec000 	C:\WINDOWS\SYSTEM32\CRYPTBASE.dll
0x00007ff907d90000 - 0x00007ff907dcb000 	C:\WINDOWS\SYSTEM32\IPHLPAPI.DLL
0x00007ff9098b0000 - 0x00007ff9098b8000 	C:\WINDOWS\System32\NSI.dll
0x00007ff9017c0000 - 0x00007ff9017d7000 	C:\WINDOWS\SYSTEM32\dhcpcsvc6.DLL
0x00007ff901c30000 - 0x00007ff901c4d000 	C:\WINDOWS\SYSTEM32\dhcpcsvc.DLL
0x00007ff907de0000 - 0x00007ff907eac000 	C:\WINDOWS\SYSTEM32\DNSAPI.dll
0x00007ff907630000 - 0x00007ff907663000 	C:\WINDOWS\SYSTEM32\ntmarta.dll
0x00007ff8ee490000 - 0x00007ff8ee4b7000 	C:\Program Files\Android\jre\bin\sunec.dll

dbghelp: loaded successfully - version: 4.0.5 - missing functions: none
symbol engine: initialized successfully - sym options: 0x614 - pdb path: .;C:\Program Files\Android\jre\bin;C:\WINDOWS\SYSTEM32;C:\WINDOWS\WinSxS\amd64_microsoft.windows.common-controls_6595b64144ccf1df_6.0.19041.1052_none_60b8f8fd71f5e8cb;C:\Program Files\Android\jre\bin\server;C:\Users\Asus\Downloads\native\e1d6ef7f7dcc3fd88c89a11ec53ec762bb8ba0a96d01ffa2cd45eb1d1d8dd5c5\windows-amd64;C:\Users\Asus\Downloads\native\0d407fdbe67a94daf76414ababcb853783967236a71b16ec16e742cd7a986fd3\windows-amd64

VM Arguments:
jvm_args: --add-opens=java.base/java.util=ALL-UNNAMED --add-opens=java.base/java.lang=ALL-UNNAMED --add-opens=java.base/java.lang.invoke=ALL-UNNAMED --add-opens=java.base/java.util=ALL-UNNAMED --add-opens=java.prefs/java.util.prefs=ALL-UNNAMED --add-opens=java.prefs/java.util.prefs=ALL-UNNAMED --add-opens=java.base/java.nio.charset=ALL-UNNAMED --add-opens=java.base/java.net=ALL-UNNAMED --add-opens=java.base/java.util.concurrent.atomic=ALL-UNNAMED -Xmx2048m -Dfile.encoding=UTF-8 -Duser.country=RU -Duser.language=ru -Duser.variant 
java_command: org.gradle.launcher.daemon.bootstrap.GradleDaemon 7.4
java_class_path (initial): C:\Users\Asus\Downloads\wrapper\dists\gradle-7.4-bin\c0gwcg53nkjbqw7r0h0umtfvt\gradle-7.4\lib\gradle-launcher-7.4.jar
Launcher Type: SUN_STANDARD

[Global flags]
     intx CICompilerCount                          = 4                                         {product} {ergonomic}
     uint ConcGCThreads                            = 2                                         {product} {ergonomic}
     uint G1ConcRefinementThreads                  = 8                                         {product} {ergonomic}
   size_t G1HeapRegionSize                         = 1048576                                   {product} {ergonomic}
    uintx GCDrainStackTargetSize                   = 64                                        {product} {ergonomic}
   size_t InitialHeapSize                          = 192937984                                 {product} {ergonomic}
   size_t MarkStackSize                            = 4194304                                   {product} {ergonomic}
   size_t MaxHeapSize                              = 2147483648                                {product} {command line}
   size_t MaxNewSize                               = 1287651328                                {product} {ergonomic}
   size_t MinHeapDeltaBytes                        = 1048576                                   {product} {ergonomic}
    uintx NonNMethodCodeHeapSize                   = 5836300                                {pd product} {ergonomic}
    uintx NonProfiledCodeHeapSize                  = 122910970                              {pd product} {ergonomic}
    uintx ProfiledCodeHeapSize                     = 122910970                              {pd product} {ergonomic}
    uintx ReservedCodeCacheSize                    = 251658240                              {pd product} {ergonomic}
     bool SegmentedCodeCache                       = true                                      {product} {ergonomic}
     bool UseCompressedClassPointers               = true                                 {lp64_product} {ergonomic}
     bool UseCompressedOops                        = true                                 {lp64_product} {ergonomic}
     bool UseG1GC                                  = true                                      {product} {ergonomic}
     bool UseLargePagesIndividualAllocation        = false                                  {pd product} {ergonomic}

Logging:
Log output configuration:
 #0: stdout all=warning uptime,level,tags
 #1: stderr all=off uptime,level,tags

Environment Variables:
PATH=C:\Program Files\Common Files\Oracle\Java\javapath;C:\Program Files (x86)\Common Files\Oracle\Java\javapath;C:\ProgramData\Oracle\Java\javapath;C:\Program Files (x86)\Intel\iCLS Client\;C:\Program Files\Intel\iCLS Client\;C:\WINDOWS\system32;C:\WINDOWS;C:\WINDOWS\System32\Wbem;C:\WINDOWS\System32\WindowsPowerShell\v1.0\;C:\Program Files (x86)\Windows Live\Shared;C:\Program Files (x86)\Intel\OpenCL SDK\3.0\bin\x86;C:\Program Files (x86)\Intel\OpenCL SDK\3.0\bin\x64;C:\Program Files\Intel\Intel(R) Management Engine Components\DAL;C:\Program Files\Intel\Intel(R) Management Engine Components\IPT;C:\Program Files (x86)\Intel\Intel(R) Management Engine Components\DAL;C:\Program Files (x86)\Intel\Intel(R) Management Engine Components\IPT;C:\Program Files (x86)\Common Files\Acronis\SnapAPI\;C:\WINDOWS\System32\OpenSSH\;C:\WINDOWS\system32;C:\WINDOWS;C:\WINDOWS\System32\Wbem;C:\WINDOWS\System32\WindowsPowerShell\v1.0\;C:\WINDOWS\System32\OpenSSH\;C:\Program Files (x86)\NVIDIA Corporation\PhysX\Common;C:\Program Files\Git\cmd;C:\Users\Asus\AppData\Local\Microsoft\WindowsApps
USERNAME=Asus
OS=Windows_NT
PROCESSOR_IDENTIFIER=Intel64 Family 6 Model 60 Stepping 3, GenuineIntel



---------------  S Y S T E M  ---------------

OS: Windows 10 , 64 bit Build 19041 (10.0.19041.1023)
OS uptime: 0 days 2:51 hours

CPU:total 8 (initial active 8) (4 cores per cpu, 2 threads per core) family 6 model 60 stepping 3 microcode 0x27, cmov, cx8, fxsr, mmx, sse, sse2, sse3, ssse3, sse4.1, sse4.2, popcnt, avx, avx2, aes, clmul, erms, lzcnt, ht, tsc, tscinvbit, bmi1, bmi2, fma

Memory: 4k page, system-wide physical 11723M (532M free)
TotalPageFile size 11723M (AvailPageFile size 4M)
current process WorkingSet (physical memory assigned to process): 569M, peak: 609M
current process commit charge ("private bytes"): 672M, peak: 704M

vm_info: OpenJDK 64-Bit Server VM (11.0.13+0-b1751.21-8125866) for windows-amd64 JRE (11.0.13+0-b1751.21-8125866), built on Feb  2 2022 03:00:22 by "builder" with MS VC++ 14.0 (VS2015)

END.
